
**** Build of configuration Debug for project CC3100_GetWeather ****

"C:\\ti\\ccs910\\ccs\\utils\\bin\\gmake" -k -j 8 all -O 
 
Building file: "C:/Users/Alan/Downloads/tirslk_max_1_00_00/tirslk_max_1_00_00/inc/LaunchPad.c"
Invoking: ARM Compiler
"C:/ti/ccs910/ccs/tools/compiler/ti-cgt-arm_18.12.2.LTS/bin/armcl" -mv7M4 --code_state=16 --float_support=FPv4SPD16 -me --include_path="C:/Users/Alan/Downloads/tirslk_max_1_00_00/tirslk_max_1_00_00/CC3100_GetWeather" --include_path="C:/Users/Alan/Downloads/tirslk_max_1_00_00/tirslk_max_1_00_00/cc3100-sdk/simplelink/source" --include_path="C:/Users/Alan/Downloads/tirslk_max_1_00_00/tirslk_max_1_00_00/cc3100-sdk/simplelink/include" --include_path="C:/Users/Alan/Downloads/tirslk_max_1_00_00/tirslk_max_1_00_00/cc3100-sdk/examples/common" --include_path="C:/Users/Alan/Downloads/tirslk_max_1_00_00/tirslk_max_1_00_00/cc3100-sdk/platform/msp432p" --include_path="C:/Users/Alan/Downloads/tirslk_max_1_00_00/tirslk_max_1_00_00/inc" --include_path="C:/Users/Alan/Downloads/tirslk_max_1_00_00/tirslk_max_1_00_00/driverlib" --include_path="C:/ti/ccs910/ccs/tools/compiler/ti-cgt-arm_18.12.2.LTS/include" --include_path="C:/ti/ccs910/ccs/ccs_base/arm/include" --include_path="C:/ti/ccs910/ccs/ccs_base/arm/include/CMSIS" --advice:power=all --define=__MSP432P401R__ --define=ccs -g --c99 --gcc --diag_warning=225 --diag_wrap=off --display_error_number --abi=eabi --preproc_with_compile --preproc_dependency="LaunchPad.d_raw"  "C:/Users/Alan/Downloads/tirslk_max_1_00_00/tirslk_max_1_00_00/inc/LaunchPad.c"
Finished building: "C:/Users/Alan/Downloads/tirslk_max_1_00_00/tirslk_max_1_00_00/inc/LaunchPad.c"
 
Building file: "C:/Users/Alan/Downloads/tirslk_max_1_00_00/tirslk_max_1_00_00/inc/Clock.c"
Invoking: ARM Compiler
"C:/ti/ccs910/ccs/tools/compiler/ti-cgt-arm_18.12.2.LTS/bin/armcl" -mv7M4 --code_state=16 --float_support=FPv4SPD16 -me --include_path="C:/Users/Alan/Downloads/tirslk_max_1_00_00/tirslk_max_1_00_00/CC3100_GetWeather" --include_path="C:/Users/Alan/Downloads/tirslk_max_1_00_00/tirslk_max_1_00_00/cc3100-sdk/simplelink/source" --include_path="C:/Users/Alan/Downloads/tirslk_max_1_00_00/tirslk_max_1_00_00/cc3100-sdk/simplelink/include" --include_path="C:/Users/Alan/Downloads/tirslk_max_1_00_00/tirslk_max_1_00_00/cc3100-sdk/examples/common" --include_path="C:/Users/Alan/Downloads/tirslk_max_1_00_00/tirslk_max_1_00_00/cc3100-sdk/platform/msp432p" --include_path="C:/Users/Alan/Downloads/tirslk_max_1_00_00/tirslk_max_1_00_00/inc" --include_path="C:/Users/Alan/Downloads/tirslk_max_1_00_00/tirslk_max_1_00_00/driverlib" --include_path="C:/ti/ccs910/ccs/tools/compiler/ti-cgt-arm_18.12.2.LTS/include" --include_path="C:/ti/ccs910/ccs/ccs_base/arm/include" --include_path="C:/ti/ccs910/ccs/ccs_base/arm/include/CMSIS" --advice:power=all --define=__MSP432P401R__ --define=ccs -g --c99 --gcc --diag_warning=225 --diag_wrap=off --display_error_number --abi=eabi --preproc_with_compile --preproc_dependency="Clock.d_raw"  "C:/Users/Alan/Downloads/tirslk_max_1_00_00/tirslk_max_1_00_00/inc/Clock.c"
Finished building: "C:/Users/Alan/Downloads/tirslk_max_1_00_00/tirslk_max_1_00_00/inc/Clock.c"
 
Building file: "C:/Users/Alan/Downloads/tirslk_max_1_00_00/tirslk_max_1_00_00/driverlib/cpu.c"
Invoking: ARM Compiler
"C:/ti/ccs910/ccs/tools/compiler/ti-cgt-arm_18.12.2.LTS/bin/armcl" -mv7M4 --code_state=16 --float_support=FPv4SPD16 -me --include_path="C:/Users/Alan/Downloads/tirslk_max_1_00_00/tirslk_max_1_00_00/CC3100_GetWeather" --include_path="C:/Users/Alan/Downloads/tirslk_max_1_00_00/tirslk_max_1_00_00/cc3100-sdk/simplelink/source" --include_path="C:/Users/Alan/Downloads/tirslk_max_1_00_00/tirslk_max_1_00_00/cc3100-sdk/simplelink/include" --include_path="C:/Users/Alan/Downloads/tirslk_max_1_00_00/tirslk_max_1_00_00/cc3100-sdk/examples/common" --include_path="C:/Users/Alan/Downloads/tirslk_max_1_00_00/tirslk_max_1_00_00/cc3100-sdk/platform/msp432p" --include_path="C:/Users/Alan/Downloads/tirslk_max_1_00_00/tirslk_max_1_00_00/inc" --include_path="C:/Users/Alan/Downloads/tirslk_max_1_00_00/tirslk_max_1_00_00/driverlib" --include_path="C:/ti/ccs910/ccs/tools/compiler/ti-cgt-arm_18.12.2.LTS/include" --include_path="C:/ti/ccs910/ccs/ccs_base/arm/include" --include_path="C:/ti/ccs910/ccs/ccs_base/arm/include/CMSIS" --advice:power=all --define=__MSP432P401R__ --define=ccs -g --c99 --gcc --diag_warning=225 --diag_wrap=off --display_error_number --abi=eabi --preproc_with_compile --preproc_dependency="cpu.d_raw"  "C:/Users/Alan/Downloads/tirslk_max_1_00_00/tirslk_max_1_00_00/driverlib/cpu.c"
Finished building: "C:/Users/Alan/Downloads/tirslk_max_1_00_00/tirslk_max_1_00_00/driverlib/cpu.c"
 
Building file: "C:/Users/Alan/Downloads/tirslk_max_1_00_00/tirslk_max_1_00_00/driverlib/fpu.c"
Invoking: ARM Compiler
"C:/ti/ccs910/ccs/tools/compiler/ti-cgt-arm_18.12.2.LTS/bin/armcl" -mv7M4 --code_state=16 --float_support=FPv4SPD16 -me --include_path="C:/Users/Alan/Downloads/tirslk_max_1_00_00/tirslk_max_1_00_00/CC3100_GetWeather" --include_path="C:/Users/Alan/Downloads/tirslk_max_1_00_00/tirslk_max_1_00_00/cc3100-sdk/simplelink/source" --include_path="C:/Users/Alan/Downloads/tirslk_max_1_00_00/tirslk_max_1_00_00/cc3100-sdk/simplelink/include" --include_path="C:/Users/Alan/Downloads/tirslk_max_1_00_00/tirslk_max_1_00_00/cc3100-sdk/examples/common" --include_path="C:/Users/Alan/Downloads/tirslk_max_1_00_00/tirslk_max_1_00_00/cc3100-sdk/platform/msp432p" --include_path="C:/Users/Alan/Downloads/tirslk_max_1_00_00/tirslk_max_1_00_00/inc" --include_path="C:/Users/Alan/Downloads/tirslk_max_1_00_00/tirslk_max_1_00_00/driverlib" --include_path="C:/ti/ccs910/ccs/tools/compiler/ti-cgt-arm_18.12.2.LTS/include" --include_path="C:/ti/ccs910/ccs/ccs_base/arm/include" --include_path="C:/ti/ccs910/ccs/ccs_base/arm/include/CMSIS" --advice:power=all --define=__MSP432P401R__ --define=ccs -g --c99 --gcc --diag_warning=225 --diag_wrap=off --display_error_number --abi=eabi --preproc_with_compile --preproc_dependency="fpu.d_raw"  "C:/Users/Alan/Downloads/tirslk_max_1_00_00/tirslk_max_1_00_00/driverlib/fpu.c"
Finished building: "C:/Users/Alan/Downloads/tirslk_max_1_00_00/tirslk_max_1_00_00/driverlib/fpu.c"
 
Building file: "C:/Users/Alan/Downloads/tirslk_max_1_00_00/tirslk_max_1_00_00/cc3100-sdk/platform/msp432p/board.c"
Invoking: ARM Compiler
"C:/ti/ccs910/ccs/tools/compiler/ti-cgt-arm_18.12.2.LTS/bin/armcl" -mv7M4 --code_state=16 --float_support=FPv4SPD16 -me --include_path="C:/Users/Alan/Downloads/tirslk_max_1_00_00/tirslk_max_1_00_00/CC3100_GetWeather" --include_path="C:/Users/Alan/Downloads/tirslk_max_1_00_00/tirslk_max_1_00_00/cc3100-sdk/simplelink/source" --include_path="C:/Users/Alan/Downloads/tirslk_max_1_00_00/tirslk_max_1_00_00/cc3100-sdk/simplelink/include" --include_path="C:/Users/Alan/Downloads/tirslk_max_1_00_00/tirslk_max_1_00_00/cc3100-sdk/examples/common" --include_path="C:/Users/Alan/Downloads/tirslk_max_1_00_00/tirslk_max_1_00_00/cc3100-sdk/platform/msp432p" --include_path="C:/Users/Alan/Downloads/tirslk_max_1_00_00/tirslk_max_1_00_00/inc" --include_path="C:/Users/Alan/Downloads/tirslk_max_1_00_00/tirslk_max_1_00_00/driverlib" --include_path="C:/ti/ccs910/ccs/tools/compiler/ti-cgt-arm_18.12.2.LTS/include" --include_path="C:/ti/ccs910/ccs/ccs_base/arm/include" --include_path="C:/ti/ccs910/ccs/ccs_base/arm/include/CMSIS" --advice:power=all --define=__MSP432P401R__ --define=ccs -g --c99 --gcc --diag_warning=225 --diag_wrap=off --display_error_number --abi=eabi --preproc_with_compile --preproc_dependency="board.d_raw"  "C:/Users/Alan/Downloads/tirslk_max_1_00_00/tirslk_max_1_00_00/cc3100-sdk/platform/msp432p/board.c"
"C:/Users/Alan/Downloads/tirslk_max_1_00_00/tirslk_max_1_00_00/cc3100-sdk/platform/msp432p/board.c", line 216: remark #1527-D: (ULP 2.1) Detected SW delay loop using empty loop. Recommend using a timer module instead
"C:/Users/Alan/Downloads/tirslk_max_1_00_00/tirslk_max_1_00_00/cc3100-sdk/platform/msp432p/board.c", line 216: remark #1527-D: (ULP 2.1) Detected SW delay loop using empty loop. Recommend using a timer module instead
"C:/Users/Alan/Downloads/tirslk_max_1_00_00/tirslk_max_1_00_00/cc3100-sdk/platform/msp432p/board.c", line 216: remark #1527-D: (ULP 2.1) Detected SW delay loop using empty loop. Recommend using a timer module instead
"C:/Users/Alan/Downloads/tirslk_max_1_00_00/tirslk_max_1_00_00/cc3100-sdk/platform/msp432p/board.c", line 216: remark #1527-D: (ULP 2.1) Detected SW delay loop using empty loop. Recommend using a timer module instead
Finished building: "C:/Users/Alan/Downloads/tirslk_max_1_00_00/tirslk_max_1_00_00/cc3100-sdk/platform/msp432p/board.c"
 
Building file: "C:/Users/Alan/Downloads/tirslk_max_1_00_00/tirslk_max_1_00_00/cc3100-sdk/simplelink/source/flowcont.c"
Invoking: ARM Compiler
"C:/ti/ccs910/ccs/tools/compiler/ti-cgt-arm_18.12.2.LTS/bin/armcl" -mv7M4 --code_state=16 --float_support=FPv4SPD16 -me --include_path="C:/Users/Alan/Downloads/tirslk_max_1_00_00/tirslk_max_1_00_00/CC3100_GetWeather" --include_path="C:/Users/Alan/Downloads/tirslk_max_1_00_00/tirslk_max_1_00_00/cc3100-sdk/simplelink/source" --include_path="C:/Users/Alan/Downloads/tirslk_max_1_00_00/tirslk_max_1_00_00/cc3100-sdk/simplelink/include" --include_path="C:/Users/Alan/Downloads/tirslk_max_1_00_00/tirslk_max_1_00_00/cc3100-sdk/examples/common" --include_path="C:/Users/Alan/Downloads/tirslk_max_1_00_00/tirslk_max_1_00_00/cc3100-sdk/platform/msp432p" --include_path="C:/Users/Alan/Downloads/tirslk_max_1_00_00/tirslk_max_1_00_00/inc" --include_path="C:/Users/Alan/Downloads/tirslk_max_1_00_00/tirslk_max_1_00_00/driverlib" --include_path="C:/ti/ccs910/ccs/tools/compiler/ti-cgt-arm_18.12.2.LTS/include" --include_path="C:/ti/ccs910/ccs/ccs_base/arm/include" --include_path="C:/ti/ccs910/ccs/ccs_base/arm/include/CMSIS" --advice:power=all --define=__MSP432P401R__ --define=ccs -g --c99 --gcc --diag_warning=225 --diag_wrap=off --display_error_number --abi=eabi --preproc_with_compile --preproc_dependency="flowcont.d_raw"  "C:/Users/Alan/Downloads/tirslk_max_1_00_00/tirslk_max_1_00_00/cc3100-sdk/simplelink/source/flowcont.c"
Finished building: "C:/Users/Alan/Downloads/tirslk_max_1_00_00/tirslk_max_1_00_00/cc3100-sdk/simplelink/source/flowcont.c"
 
Building file: "C:/Users/Alan/Downloads/tirslk_max_1_00_00/tirslk_max_1_00_00/cc3100-sdk/simplelink/source/device.c"
Invoking: ARM Compiler
"C:/ti/ccs910/ccs/tools/compiler/ti-cgt-arm_18.12.2.LTS/bin/armcl" -mv7M4 --code_state=16 --float_support=FPv4SPD16 -me --include_path="C:/Users/Alan/Downloads/tirslk_max_1_00_00/tirslk_max_1_00_00/CC3100_GetWeather" --include_path="C:/Users/Alan/Downloads/tirslk_max_1_00_00/tirslk_max_1_00_00/cc3100-sdk/simplelink/source" --include_path="C:/Users/Alan/Downloads/tirslk_max_1_00_00/tirslk_max_1_00_00/cc3100-sdk/simplelink/include" --include_path="C:/Users/Alan/Downloads/tirslk_max_1_00_00/tirslk_max_1_00_00/cc3100-sdk/examples/common" --include_path="C:/Users/Alan/Downloads/tirslk_max_1_00_00/tirslk_max_1_00_00/cc3100-sdk/platform/msp432p" --include_path="C:/Users/Alan/Downloads/tirslk_max_1_00_00/tirslk_max_1_00_00/inc" --include_path="C:/Users/Alan/Downloads/tirslk_max_1_00_00/tirslk_max_1_00_00/driverlib" --include_path="C:/ti/ccs910/ccs/tools/compiler/ti-cgt-arm_18.12.2.LTS/include" --include_path="C:/ti/ccs910/ccs/ccs_base/arm/include" --include_path="C:/ti/ccs910/ccs/ccs_base/arm/include/CMSIS" --advice:power=all --define=__MSP432P401R__ --define=ccs -g --c99 --gcc --diag_warning=225 --diag_wrap=off --display_error_number --abi=eabi --preproc_with_compile --preproc_dependency="device.d_raw"  "C:/Users/Alan/Downloads/tirslk_max_1_00_00/tirslk_max_1_00_00/cc3100-sdk/simplelink/source/device.c"
"C:/Users/Alan/Downloads/tirslk_max_1_00_00/tirslk_max_1_00_00/cc3100-sdk/simplelink/source/device.c", line 296: remark #2623-D: (ULP 5.4) Detected an assignment to a type with size less than int. To avoid unnecessary sign extension, use int-sized types for local varaibles and convert to smaller types for static storage.
"C:/Users/Alan/Downloads/tirslk_max_1_00_00/tirslk_max_1_00_00/cc3100-sdk/simplelink/source/device.c", line 233: remark #1534-D: (ULP 7.1) Detected use of global variable "_SlStopCmdCtrl" within one function "sl_Stop". Recommend placing variable in the function locally
"C:/Users/Alan/Downloads/tirslk_max_1_00_00/tirslk_max_1_00_00/cc3100-sdk/simplelink/source/device.c", line 326: remark #1534-D: (ULP 7.1) Detected use of global variable "_SlEventMaskSetCmdCtrl" within one function "sl_EventMaskSet". Recommend placing variable in the function locally
"C:/Users/Alan/Downloads/tirslk_max_1_00_00/tirslk_max_1_00_00/cc3100-sdk/simplelink/source/device.c", line 364: remark #1534-D: (ULP 7.1) Detected use of global variable "_SlEventMaskGetCmdCtrl" within one function "sl_EventMaskGet". Recommend placing variable in the function locally
"C:/Users/Alan/Downloads/tirslk_max_1_00_00/tirslk_max_1_00_00/cc3100-sdk/simplelink/source/device.c", line 404: remark #1534-D: (ULP 7.1) Detected use of global variable "_SlDeviceGetCmdCtrl" within one function "sl_DevGet". Recommend placing variable in the function locally
"C:/Users/Alan/Downloads/tirslk_max_1_00_00/tirslk_max_1_00_00/cc3100-sdk/simplelink/source/device.c", line 474: remark #1534-D: (ULP 7.1) Detected use of global variable "_SlDeviceSetCmdCtrl" within one function "sl_DevSet". Recommend placing variable in the function locally
Finished building: "C:/Users/Alan/Downloads/tirslk_max_1_00_00/tirslk_max_1_00_00/cc3100-sdk/simplelink/source/device.c"
 
Building file: "C:/Users/Alan/Downloads/tirslk_max_1_00_00/tirslk_max_1_00_00/driverlib/interrupt.c"
Invoking: ARM Compiler
"C:/ti/ccs910/ccs/tools/compiler/ti-cgt-arm_18.12.2.LTS/bin/armcl" -mv7M4 --code_state=16 --float_support=FPv4SPD16 -me --include_path="C:/Users/Alan/Downloads/tirslk_max_1_00_00/tirslk_max_1_00_00/CC3100_GetWeather" --include_path="C:/Users/Alan/Downloads/tirslk_max_1_00_00/tirslk_max_1_00_00/cc3100-sdk/simplelink/source" --include_path="C:/Users/Alan/Downloads/tirslk_max_1_00_00/tirslk_max_1_00_00/cc3100-sdk/simplelink/include" --include_path="C:/Users/Alan/Downloads/tirslk_max_1_00_00/tirslk_max_1_00_00/cc3100-sdk/examples/common" --include_path="C:/Users/Alan/Downloads/tirslk_max_1_00_00/tirslk_max_1_00_00/cc3100-sdk/platform/msp432p" --include_path="C:/Users/Alan/Downloads/tirslk_max_1_00_00/tirslk_max_1_00_00/inc" --include_path="C:/Users/Alan/Downloads/tirslk_max_1_00_00/tirslk_max_1_00_00/driverlib" --include_path="C:/ti/ccs910/ccs/tools/compiler/ti-cgt-arm_18.12.2.LTS/include" --include_path="C:/ti/ccs910/ccs/ccs_base/arm/include" --include_path="C:/ti/ccs910/ccs/ccs_base/arm/include/CMSIS" --advice:power=all --define=__MSP432P401R__ --define=ccs -g --c99 --gcc --diag_warning=225 --diag_wrap=off --display_error_number --abi=eabi --preproc_with_compile --preproc_dependency="interrupt.d_raw"  "C:/Users/Alan/Downloads/tirslk_max_1_00_00/tirslk_max_1_00_00/driverlib/interrupt.c"
"C:/Users/Alan/Downloads/tirslk_max_1_00_00/tirslk_max_1_00_00/driverlib/interrupt.c", line 122: remark #1527-D: (ULP 2.1) Detected SW delay loop using empty loop. Recommend using a timer module instead
Finished building: "C:/Users/Alan/Downloads/tirslk_max_1_00_00/tirslk_max_1_00_00/driverlib/interrupt.c"
 
Building file: "C:/Users/Alan/Downloads/tirslk_max_1_00_00/tirslk_max_1_00_00/cc3100-sdk/simplelink/source/fs.c"
Invoking: ARM Compiler
"C:/ti/ccs910/ccs/tools/compiler/ti-cgt-arm_18.12.2.LTS/bin/armcl" -mv7M4 --code_state=16 --float_support=FPv4SPD16 -me --include_path="C:/Users/Alan/Downloads/tirslk_max_1_00_00/tirslk_max_1_00_00/CC3100_GetWeather" --include_path="C:/Users/Alan/Downloads/tirslk_max_1_00_00/tirslk_max_1_00_00/cc3100-sdk/simplelink/source" --include_path="C:/Users/Alan/Downloads/tirslk_max_1_00_00/tirslk_max_1_00_00/cc3100-sdk/simplelink/include" --include_path="C:/Users/Alan/Downloads/tirslk_max_1_00_00/tirslk_max_1_00_00/cc3100-sdk/examples/common" --include_path="C:/Users/Alan/Downloads/tirslk_max_1_00_00/tirslk_max_1_00_00/cc3100-sdk/platform/msp432p" --include_path="C:/Users/Alan/Downloads/tirslk_max_1_00_00/tirslk_max_1_00_00/inc" --include_path="C:/Users/Alan/Downloads/tirslk_max_1_00_00/tirslk_max_1_00_00/driverlib" --include_path="C:/ti/ccs910/ccs/tools/compiler/ti-cgt-arm_18.12.2.LTS/include" --include_path="C:/ti/ccs910/ccs/ccs_base/arm/include" --include_path="C:/ti/ccs910/ccs/ccs_base/arm/include/CMSIS" --advice:power=all --define=__MSP432P401R__ --define=ccs -g --c99 --gcc --diag_warning=225 --diag_wrap=off --display_error_number --abi=eabi --preproc_with_compile --preproc_dependency="fs.d_raw"  "C:/Users/Alan/Downloads/tirslk_max_1_00_00/tirslk_max_1_00_00/cc3100-sdk/simplelink/source/fs.c"
"C:/Users/Alan/Downloads/tirslk_max_1_00_00/tirslk_max_1_00_00/cc3100-sdk/simplelink/source/fs.c", line 68: remark #2623-D: (ULP 5.4) Detected an assignment to a type with size less than int. To avoid unnecessary sign extension, use int-sized types for local varaibles and convert to smaller types for static storage.
"C:/Users/Alan/Downloads/tirslk_max_1_00_00/tirslk_max_1_00_00/cc3100-sdk/simplelink/source/fs.c", line 249: remark #2623-D: (ULP 5.4) Detected an assignment to a type with size less than int. To avoid unnecessary sign extension, use int-sized types for local varaibles and convert to smaller types for static storage.
"C:/Users/Alan/Downloads/tirslk_max_1_00_00/tirslk_max_1_00_00/cc3100-sdk/simplelink/source/fs.c", line 276: remark #2623-D: (ULP 5.4) Detected an assignment to a type with size less than int. To avoid unnecessary sign extension, use int-sized types for local varaibles and convert to smaller types for static storage.
"C:/Users/Alan/Downloads/tirslk_max_1_00_00/tirslk_max_1_00_00/cc3100-sdk/simplelink/source/fs.c", line 325: remark #2623-D: (ULP 5.4) Detected an assignment to a type with size less than int. To avoid unnecessary sign extension, use int-sized types for local varaibles and convert to smaller types for static storage.
"C:/Users/Alan/Downloads/tirslk_max_1_00_00/tirslk_max_1_00_00/cc3100-sdk/simplelink/source/fs.c", line 355: remark #2623-D: (ULP 5.4) Detected an assignment to a type with size less than int. To avoid unnecessary sign extension, use int-sized types for local varaibles and convert to smaller types for static storage.
"C:/Users/Alan/Downloads/tirslk_max_1_00_00/tirslk_max_1_00_00/cc3100-sdk/simplelink/source/fs.c", line 111: remark #1534-D: (ULP 7.1) Detected use of global variable "_SlFsOpenCmdCtrl" within one function "sl_FsOpen". Recommend placing variable in the function locally
"C:/Users/Alan/Downloads/tirslk_max_1_00_00/tirslk_max_1_00_00/cc3100-sdk/simplelink/source/fs.c", line 172: remark #1534-D: (ULP 7.1) Detected use of global variable "_SlFsCloseCmdCtrl" within one function "sl_FsClose". Recommend placing variable in the function locally
"C:/Users/Alan/Downloads/tirslk_max_1_00_00/tirslk_max_1_00_00/cc3100-sdk/simplelink/source/fs.c", line 227: remark #1534-D: (ULP 7.1) Detected use of global variable "_SlFsReadCmdCtrl" within one function "sl_FsRead". Recommend placing variable in the function locally
"C:/Users/Alan/Downloads/tirslk_max_1_00_00/tirslk_max_1_00_00/cc3100-sdk/simplelink/source/fs.c", line 303: remark #1534-D: (ULP 7.1) Detected use of global variable "_SlFsWriteCmdCtrl" within one function "sl_FsWrite". Recommend placing variable in the function locally
"C:/Users/Alan/Downloads/tirslk_max_1_00_00/tirslk_max_1_00_00/cc3100-sdk/simplelink/source/fs.c", line 383: remark #1534-D: (ULP 7.1) Detected use of global variable "_SlFsGetInfoCmdCtrl" within one function "sl_FsGetInfo". Recommend placing variable in the function locally
"C:/Users/Alan/Downloads/tirslk_max_1_00_00/tirslk_max_1_00_00/cc3100-sdk/simplelink/source/fs.c", line 430: remark #1534-D: (ULP 7.1) Detected use of global variable "_SlFsDeleteCmdCtrl" within one function "sl_FsDel". Recommend placing variable in the function locally
Finished building: "C:/Users/Alan/Downloads/tirslk_max_1_00_00/tirslk_max_1_00_00/cc3100-sdk/simplelink/source/fs.c"
 
Building file: "../main.c"
Invoking: ARM Compiler
"C:/ti/ccs910/ccs/tools/compiler/ti-cgt-arm_18.12.2.LTS/bin/armcl" -mv7M4 --code_state=16 --float_support=FPv4SPD16 -me --include_path="C:/Users/Alan/Downloads/tirslk_max_1_00_00/tirslk_max_1_00_00/CC3100_GetWeather" --include_path="C:/Users/Alan/Downloads/tirslk_max_1_00_00/tirslk_max_1_00_00/cc3100-sdk/simplelink/source" --include_path="C:/Users/Alan/Downloads/tirslk_max_1_00_00/tirslk_max_1_00_00/cc3100-sdk/simplelink/include" --include_path="C:/Users/Alan/Downloads/tirslk_max_1_00_00/tirslk_max_1_00_00/cc3100-sdk/examples/common" --include_path="C:/Users/Alan/Downloads/tirslk_max_1_00_00/tirslk_max_1_00_00/cc3100-sdk/platform/msp432p" --include_path="C:/Users/Alan/Downloads/tirslk_max_1_00_00/tirslk_max_1_00_00/inc" --include_path="C:/Users/Alan/Downloads/tirslk_max_1_00_00/tirslk_max_1_00_00/driverlib" --include_path="C:/ti/ccs910/ccs/tools/compiler/ti-cgt-arm_18.12.2.LTS/include" --include_path="C:/ti/ccs910/ccs/ccs_base/arm/include" --include_path="C:/ti/ccs910/ccs/ccs_base/arm/include/CMSIS" --advice:power=all --define=__MSP432P401R__ --define=ccs -g --c99 --gcc --diag_warning=225 --diag_wrap=off --display_error_number --abi=eabi --preproc_with_compile --preproc_dependency="main.d_raw"  "../main.c"
"../main.c", line 198: remark #1532-D: (ULP 5.3) Detected printf() operation(s). Recommend moving them to RAM during run time or not using as these are processing/power intensive
"../main.c", line 200: remark #1527-D: (ULP 2.1) Detected SW delay loop using empty loop. Recommend using a timer module instead
"../main.c", line 203: remark #1527-D: (ULP 2.1) Detected SW delay loop using empty loop. Recommend using a timer module instead
"../main.c", line 200: remark #1527-D: (ULP 2.1) Detected SW delay loop using empty loop. Recommend using a timer module instead
"../main.c", line 203: remark #1527-D: (ULP 2.1) Detected SW delay loop using empty loop. Recommend using a timer module instead
"../main.c", line 200: remark #1527-D: (ULP 2.1) Detected SW delay loop using empty loop. Recommend using a timer module instead
"../main.c", line 203: remark #1527-D: (ULP 2.1) Detected SW delay loop using empty loop. Recommend using a timer module instead
"../main.c", line 200: remark #1527-D: (ULP 2.1) Detected SW delay loop using empty loop. Recommend using a timer module instead
"../main.c", line 203: remark #1527-D: (ULP 2.1) Detected SW delay loop using empty loop. Recommend using a timer module instead
"../main.c", line 234: remark #1532-D: (ULP 5.3) Detected printf() operation(s). Recommend moving them to RAM during run time or not using as these are processing/power intensive
"../main.c", line 235: remark #1532-D: (ULP 5.3) Detected printf() operation(s). Recommend moving them to RAM during run time or not using as these are processing/power intensive
"../main.c", line 238: remark #1532-D: (ULP 5.3) Detected printf() operation(s). Recommend moving them to RAM during run time or not using as these are processing/power intensive
"../main.c", line 241: remark #1532-D: (ULP 5.3) Detected printf() operation(s). Recommend moving them to RAM during run time or not using as these are processing/power intensive
"../main.c", line 244: remark #1532-D: (ULP 5.3) Detected printf() operation(s). Recommend moving them to RAM during run time or not using as these are processing/power intensive
"../main.c", line 246: remark #1532-D: (ULP 5.3) Detected printf() operation(s). Recommend moving them to RAM during run time or not using as these are processing/power intensive
"../main.c", line 250: remark #1532-D: (ULP 5.3) Detected printf() operation(s). Recommend moving them to RAM during run time or not using as these are processing/power intensive
"../main.c", line 257: remark #1532-D: (ULP 5.3) Detected printf() operation(s). Recommend moving them to RAM during run time or not using as these are processing/power intensive
"../main.c", line 262: remark #1532-D: (ULP 5.3) Detected printf() operation(s). Recommend moving them to RAM during run time or not using as these are processing/power intensive
"../main.c", line 267: remark #1532-D: (ULP 5.3) Detected printf() operation(s). Recommend moving them to RAM during run time or not using as these are processing/power intensive
"../main.c", line 269: remark #1532-D: (ULP 5.3) Detected printf() operation(s). Recommend moving them to RAM during run time or not using as these are processing/power intensive
"../main.c", line 272: remark #1532-D: (ULP 5.3) Detected printf() operation(s). Recommend moving them to RAM during run time or not using as these are processing/power intensive
"../main.c", line 274: remark #1532-D: (ULP 5.3) Detected printf() operation(s). Recommend moving them to RAM during run time or not using as these are processing/power intensive
"../main.c", line 275: remark #1527-D: (ULP 2.1) Detected SW delay loop using empty loop. Recommend using a timer module instead
"../main.c", line 341: remark #2623-D: (ULP 5.4) Detected an assignment to a type with size less than int. To avoid unnecessary sign extension, use int-sized types for local varaibles and convert to smaller types for static storage.
"../main.c", line 341: remark #2623-D: (ULP 5.4) Detected an assignment to a type with size less than int. To avoid unnecessary sign extension, use int-sized types for local varaibles and convert to smaller types for static storage.
"../main.c", line 365: remark #2623-D: (ULP 5.4) Detected an assignment to a type with size less than int. To avoid unnecessary sign extension, use int-sized types for local varaibles and convert to smaller types for static storage.
"../main.c", line 376: remark #2623-D: (ULP 5.4) Detected an assignment to a type with size less than int. To avoid unnecessary sign extension, use int-sized types for local varaibles and convert to smaller types for static storage.
"../main.c", line 481: remark #1532-D: (ULP 5.3) Detected printf() operation(s). Recommend moving them to RAM during run time or not using as these are processing/power intensive
"../main.c", line 511: remark #1532-D: (ULP 5.3) Detected printf() operation(s). Recommend moving them to RAM during run time or not using as these are processing/power intensive
"../main.c", line 515: remark #1532-D: (ULP 5.3) Detected printf() operation(s). Recommend moving them to RAM during run time or not using as these are processing/power intensive
"../main.c", line 522: remark #1532-D: (ULP 5.3) Detected printf() operation(s). Recommend moving them to RAM during run time or not using as these are processing/power intensive
"../main.c", line 542: remark #1532-D: (ULP 5.3) Detected printf() operation(s). Recommend moving them to RAM during run time or not using as these are processing/power intensive
"../main.c", line 565: remark #1532-D: (ULP 5.3) Detected printf() operation(s). Recommend moving them to RAM during run time or not using as these are processing/power intensive
"../main.c", line 590: remark #1532-D: (ULP 5.3) Detected printf() operation(s). Recommend moving them to RAM during run time or not using as these are processing/power intensive
"../main.c", line 605: remark #1532-D: (ULP 5.3) Detected printf() operation(s). Recommend moving them to RAM during run time or not using as these are processing/power intensive
"../main.c", line 617: remark #1532-D: (ULP 5.3) Detected printf() operation(s). Recommend moving them to RAM during run time or not using as these are processing/power intensive
"../main.c", line 636: remark #1532-D: (ULP 5.3) Detected printf() operation(s). Recommend moving them to RAM during run time or not using as these are processing/power intensive
"../main.c", line 641: remark #1532-D: (ULP 5.3) Detected printf() operation(s). Recommend moving them to RAM during run time or not using as these are processing/power intensive
"../main.c", line 648: remark #1532-D: (ULP 5.3) Detected printf() operation(s). Recommend moving them to RAM during run time or not using as these are processing/power intensive
Finished building: "../main.c"
 
Building file: "C:/Users/Alan/Downloads/tirslk_max_1_00_00/tirslk_max_1_00_00/cc3100-sdk/simplelink/source/netcfg.c"
Invoking: ARM Compiler
"C:/ti/ccs910/ccs/tools/compiler/ti-cgt-arm_18.12.2.LTS/bin/armcl" -mv7M4 --code_state=16 --float_support=FPv4SPD16 -me --include_path="C:/Users/Alan/Downloads/tirslk_max_1_00_00/tirslk_max_1_00_00/CC3100_GetWeather" --include_path="C:/Users/Alan/Downloads/tirslk_max_1_00_00/tirslk_max_1_00_00/cc3100-sdk/simplelink/source" --include_path="C:/Users/Alan/Downloads/tirslk_max_1_00_00/tirslk_max_1_00_00/cc3100-sdk/simplelink/include" --include_path="C:/Users/Alan/Downloads/tirslk_max_1_00_00/tirslk_max_1_00_00/cc3100-sdk/examples/common" --include_path="C:/Users/Alan/Downloads/tirslk_max_1_00_00/tirslk_max_1_00_00/cc3100-sdk/platform/msp432p" --include_path="C:/Users/Alan/Downloads/tirslk_max_1_00_00/tirslk_max_1_00_00/inc" --include_path="C:/Users/Alan/Downloads/tirslk_max_1_00_00/tirslk_max_1_00_00/driverlib" --include_path="C:/ti/ccs910/ccs/tools/compiler/ti-cgt-arm_18.12.2.LTS/include" --include_path="C:/ti/ccs910/ccs/ccs_base/arm/include" --include_path="C:/ti/ccs910/ccs/ccs_base/arm/include/CMSIS" --advice:power=all --define=__MSP432P401R__ --define=ccs -g --c99 --gcc --diag_warning=225 --diag_wrap=off --display_error_number --abi=eabi --preproc_with_compile --preproc_dependency="netcfg.d_raw"  "C:/Users/Alan/Downloads/tirslk_max_1_00_00/tirslk_max_1_00_00/cc3100-sdk/simplelink/source/netcfg.c"
"C:/Users/Alan/Downloads/tirslk_max_1_00_00/tirslk_max_1_00_00/cc3100-sdk/simplelink/source/netcfg.c", line 57: remark #1534-D: (ULP 7.1) Detected use of global variable "_SlNetCfgSetCmdCtrl" within one function "sl_NetCfgSet". Recommend placing variable in the function locally
"C:/Users/Alan/Downloads/tirslk_max_1_00_00/tirslk_max_1_00_00/cc3100-sdk/simplelink/source/netcfg.c", line 100: remark #1534-D: (ULP 7.1) Detected use of global variable "_SlNetCfgGetCmdCtrl" within one function "sl_NetCfgGet". Recommend placing variable in the function locally
Finished building: "C:/Users/Alan/Downloads/tirslk_max_1_00_00/tirslk_max_1_00_00/cc3100-sdk/simplelink/source/netcfg.c"
 
Building file: "C:/Users/Alan/Downloads/tirslk_max_1_00_00/tirslk_max_1_00_00/cc3100-sdk/simplelink/source/nonos.c"
Invoking: ARM Compiler
"C:/ti/ccs910/ccs/tools/compiler/ti-cgt-arm_18.12.2.LTS/bin/armcl" -mv7M4 --code_state=16 --float_support=FPv4SPD16 -me --include_path="C:/Users/Alan/Downloads/tirslk_max_1_00_00/tirslk_max_1_00_00/CC3100_GetWeather" --include_path="C:/Users/Alan/Downloads/tirslk_max_1_00_00/tirslk_max_1_00_00/cc3100-sdk/simplelink/source" --include_path="C:/Users/Alan/Downloads/tirslk_max_1_00_00/tirslk_max_1_00_00/cc3100-sdk/simplelink/include" --include_path="C:/Users/Alan/Downloads/tirslk_max_1_00_00/tirslk_max_1_00_00/cc3100-sdk/examples/common" --include_path="C:/Users/Alan/Downloads/tirslk_max_1_00_00/tirslk_max_1_00_00/cc3100-sdk/platform/msp432p" --include_path="C:/Users/Alan/Downloads/tirslk_max_1_00_00/tirslk_max_1_00_00/inc" --include_path="C:/Users/Alan/Downloads/tirslk_max_1_00_00/tirslk_max_1_00_00/driverlib" --include_path="C:/ti/ccs910/ccs/tools/compiler/ti-cgt-arm_18.12.2.LTS/include" --include_path="C:/ti/ccs910/ccs/ccs_base/arm/include" --include_path="C:/ti/ccs910/ccs/ccs_base/arm/include/CMSIS" --advice:power=all --define=__MSP432P401R__ --define=ccs -g --c99 --gcc --diag_warning=225 --diag_wrap=off --display_error_number --abi=eabi --preproc_with_compile --preproc_dependency="nonos.d_raw"  "C:/Users/Alan/Downloads/tirslk_max_1_00_00/tirslk_max_1_00_00/cc3100-sdk/simplelink/source/nonos.c"
"C:/Users/Alan/Downloads/tirslk_max_1_00_00/tirslk_max_1_00_00/cc3100-sdk/simplelink/source/nonos.c", line 144: remark #2623-D: (ULP 5.4) Detected an assignment to a type with size less than int. To avoid unnecessary sign extension, use int-sized types for local varaibles and convert to smaller types for static storage.
"C:/Users/Alan/Downloads/tirslk_max_1_00_00/tirslk_max_1_00_00/cc3100-sdk/simplelink/source/nonos.c", line 144: remark #2623-D: (ULP 5.4) Detected an assignment to a type with size less than int. To avoid unnecessary sign extension, use int-sized types for local varaibles and convert to smaller types for static storage.
"C:/Users/Alan/Downloads/tirslk_max_1_00_00/tirslk_max_1_00_00/cc3100-sdk/simplelink/source/nonos.c", line 171: remark #2623-D: (ULP 5.4) Detected an assignment to a type with size less than int. To avoid unnecessary sign extension, use int-sized types for local varaibles and convert to smaller types for static storage.
"C:/Users/Alan/Downloads/tirslk_max_1_00_00/tirslk_max_1_00_00/cc3100-sdk/simplelink/source/nonos.c", line 171: remark #2623-D: (ULP 5.4) Detected an assignment to a type with size less than int. To avoid unnecessary sign extension, use int-sized types for local varaibles and convert to smaller types for static storage.
Finished building: "C:/Users/Alan/Downloads/tirslk_max_1_00_00/tirslk_max_1_00_00/cc3100-sdk/simplelink/source/nonos.c"
 
Building file: "../startup_msp432p401r_ccs.c"
Invoking: ARM Compiler
"C:/ti/ccs910/ccs/tools/compiler/ti-cgt-arm_18.12.2.LTS/bin/armcl" -mv7M4 --code_state=16 --float_support=FPv4SPD16 -me --include_path="C:/Users/Alan/Downloads/tirslk_max_1_00_00/tirslk_max_1_00_00/CC3100_GetWeather" --include_path="C:/Users/Alan/Downloads/tirslk_max_1_00_00/tirslk_max_1_00_00/cc3100-sdk/simplelink/source" --include_path="C:/Users/Alan/Downloads/tirslk_max_1_00_00/tirslk_max_1_00_00/cc3100-sdk/simplelink/include" --include_path="C:/Users/Alan/Downloads/tirslk_max_1_00_00/tirslk_max_1_00_00/cc3100-sdk/examples/common" --include_path="C:/Users/Alan/Downloads/tirslk_max_1_00_00/tirslk_max_1_00_00/cc3100-sdk/platform/msp432p" --include_path="C:/Users/Alan/Downloads/tirslk_max_1_00_00/tirslk_max_1_00_00/inc" --include_path="C:/Users/Alan/Downloads/tirslk_max_1_00_00/tirslk_max_1_00_00/driverlib" --include_path="C:/ti/ccs910/ccs/tools/compiler/ti-cgt-arm_18.12.2.LTS/include" --include_path="C:/ti/ccs910/ccs/ccs_base/arm/include" --include_path="C:/ti/ccs910/ccs/ccs_base/arm/include/CMSIS" --advice:power=all --define=__MSP432P401R__ --define=ccs -g --c99 --gcc --diag_warning=225 --diag_wrap=off --display_error_number --abi=eabi --preproc_with_compile --preproc_dependency="startup_msp432p401r_ccs.d_raw"  "../startup_msp432p401r_ccs.c"
Finished building: "../startup_msp432p401r_ccs.c"
 
Building file: "C:/Users/Alan/Downloads/tirslk_max_1_00_00/tirslk_max_1_00_00/cc3100-sdk/simplelink/source/netapp.c"
Invoking: ARM Compiler
"C:/ti/ccs910/ccs/tools/compiler/ti-cgt-arm_18.12.2.LTS/bin/armcl" -mv7M4 --code_state=16 --float_support=FPv4SPD16 -me --include_path="C:/Users/Alan/Downloads/tirslk_max_1_00_00/tirslk_max_1_00_00/CC3100_GetWeather" --include_path="C:/Users/Alan/Downloads/tirslk_max_1_00_00/tirslk_max_1_00_00/cc3100-sdk/simplelink/source" --include_path="C:/Users/Alan/Downloads/tirslk_max_1_00_00/tirslk_max_1_00_00/cc3100-sdk/simplelink/include" --include_path="C:/Users/Alan/Downloads/tirslk_max_1_00_00/tirslk_max_1_00_00/cc3100-sdk/examples/common" --include_path="C:/Users/Alan/Downloads/tirslk_max_1_00_00/tirslk_max_1_00_00/cc3100-sdk/platform/msp432p" --include_path="C:/Users/Alan/Downloads/tirslk_max_1_00_00/tirslk_max_1_00_00/inc" --include_path="C:/Users/Alan/Downloads/tirslk_max_1_00_00/tirslk_max_1_00_00/driverlib" --include_path="C:/ti/ccs910/ccs/tools/compiler/ti-cgt-arm_18.12.2.LTS/include" --include_path="C:/ti/ccs910/ccs/ccs_base/arm/include" --include_path="C:/ti/ccs910/ccs/ccs_base/arm/include/CMSIS" --advice:power=all --define=__MSP432P401R__ --define=ccs -g --c99 --gcc --diag_warning=225 --diag_wrap=off --display_error_number --abi=eabi --preproc_with_compile --preproc_dependency="netapp.d_raw"  "C:/Users/Alan/Downloads/tirslk_max_1_00_00/tirslk_max_1_00_00/cc3100-sdk/simplelink/source/netapp.c"
"C:/Users/Alan/Downloads/tirslk_max_1_00_00/tirslk_max_1_00_00/cc3100-sdk/simplelink/source/netapp.c", line 213: remark #2623-D: (ULP 5.4) Detected an assignment to a type with size less than int. To avoid unnecessary sign extension, use int-sized types for local varaibles and convert to smaller types for static storage.
"C:/Users/Alan/Downloads/tirslk_max_1_00_00/tirslk_max_1_00_00/cc3100-sdk/simplelink/source/netapp.c", line 417: remark #1542-D: (ULP 12.1) Detected memcpy() and recommend using DMA instead if greater than 100 words being transferred
"C:/Users/Alan/Downloads/tirslk_max_1_00_00/tirslk_max_1_00_00/cc3100-sdk/simplelink/source/netapp.c", line 426: remark #1542-D: (ULP 12.1) Detected memcpy() and recommend using DMA instead if greater than 100 words being transferred
"C:/Users/Alan/Downloads/tirslk_max_1_00_00/tirslk_max_1_00_00/cc3100-sdk/simplelink/source/netapp.c", line 833: remark #2623-D: (ULP 5.4) Detected an assignment to a type with size less than int. To avoid unnecessary sign extension, use int-sized types for local varaibles and convert to smaller types for static storage.
"C:/Users/Alan/Downloads/tirslk_max_1_00_00/tirslk_max_1_00_00/cc3100-sdk/simplelink/source/netapp.c", line 842: remark #1542-D: (ULP 12.1) Detected memcpy() and recommend using DMA instead if greater than 100 words being transferred
"C:/Users/Alan/Downloads/tirslk_max_1_00_00/tirslk_max_1_00_00/cc3100-sdk/simplelink/source/netapp.c", line 936: remark #1542-D: (ULP 12.1) Detected memcpy() and recommend using DMA instead if greater than 100 words being transferred
"C:/Users/Alan/Downloads/tirslk_max_1_00_00/tirslk_max_1_00_00/cc3100-sdk/simplelink/source/netapp.c", line 1200: remark #1542-D: (ULP 12.1) Detected memcpy() and recommend using DMA instead if greater than 100 words being transferred
"C:/Users/Alan/Downloads/tirslk_max_1_00_00/tirslk_max_1_00_00/cc3100-sdk/simplelink/source/netapp.c", line 89: remark #1534-D: (ULP 7.1) Detected use of global variable "_SlNetAppStartCtrl" within one function "sl_NetAppStart". Recommend placing variable in the function locally
"C:/Users/Alan/Downloads/tirslk_max_1_00_00/tirslk_max_1_00_00/cc3100-sdk/simplelink/source/netapp.c", line 117: remark #1534-D: (ULP 7.1) Detected use of global variable "_SlNetAppStopCtrl" within one function "sl_NetAppStop". Recommend placing variable in the function locally
"C:/Users/Alan/Downloads/tirslk_max_1_00_00/tirslk_max_1_00_00/cc3100-sdk/simplelink/source/netapp.c", line 161: remark #1534-D: (ULP 7.1) Detected use of global variable "_SlGetServiceListeCtrl" within one function "sl_NetAppGetServiceList". Recommend placing variable in the function locally
"C:/Users/Alan/Downloads/tirslk_max_1_00_00/tirslk_max_1_00_00/cc3100-sdk/simplelink/source/netapp.c", line 280: remark #1534-D: (ULP 7.1) Detected use of global variable "_SlRegisterServiceCtrl" within one function "sl_NetAppMDNSRegisterUnregisterService". Recommend placing variable in the function locally
"C:/Users/Alan/Downloads/tirslk_max_1_00_00/tirslk_max_1_00_00/cc3100-sdk/simplelink/source/netapp.c", line 629: remark #1534-D: (ULP 7.1) Detected use of global variable "_SlGetHostByServiceCtrl" within one function "sl_NetAppDnsGetHostByService". Recommend placing variable in the function locally
"C:/Users/Alan/Downloads/tirslk_max_1_00_00/tirslk_max_1_00_00/cc3100-sdk/simplelink/source/netapp.c", line 883: remark #1534-D: (ULP 7.1) Detected use of global variable "_SlGetHostByNameCtrl" within one function "sl_NetAppDnsGetHostByName". Recommend placing variable in the function locally
"C:/Users/Alan/Downloads/tirslk_max_1_00_00/tirslk_max_1_00_00/cc3100-sdk/simplelink/source/netapp.c", line 1138: remark #1534-D: (ULP 7.1) Detected use of global variable "_SlNetAppSetCmdCtrl" within one function "sl_NetAppSet". Recommend placing variable in the function locally
"C:/Users/Alan/Downloads/tirslk_max_1_00_00/tirslk_max_1_00_00/cc3100-sdk/simplelink/source/netapp.c", line 1221: remark #1534-D: (ULP 7.1) Detected use of global variable "_SlNetAppGetCmdCtrl" within one function "sl_NetAppGet". Recommend placing variable in the function locally
Finished building: "C:/Users/Alan/Downloads/tirslk_max_1_00_00/tirslk_max_1_00_00/cc3100-sdk/simplelink/source/netapp.c"
 
Building file: "C:/Users/Alan/Downloads/tirslk_max_1_00_00/tirslk_max_1_00_00/cc3100-sdk/simplelink/source/driver.c"
Invoking: ARM Compiler
"C:/ti/ccs910/ccs/tools/compiler/ti-cgt-arm_18.12.2.LTS/bin/armcl" -mv7M4 --code_state=16 --float_support=FPv4SPD16 -me --include_path="C:/Users/Alan/Downloads/tirslk_max_1_00_00/tirslk_max_1_00_00/CC3100_GetWeather" --include_path="C:/Users/Alan/Downloads/tirslk_max_1_00_00/tirslk_max_1_00_00/cc3100-sdk/simplelink/source" --include_path="C:/Users/Alan/Downloads/tirslk_max_1_00_00/tirslk_max_1_00_00/cc3100-sdk/simplelink/include" --include_path="C:/Users/Alan/Downloads/tirslk_max_1_00_00/tirslk_max_1_00_00/cc3100-sdk/examples/common" --include_path="C:/Users/Alan/Downloads/tirslk_max_1_00_00/tirslk_max_1_00_00/cc3100-sdk/platform/msp432p" --include_path="C:/Users/Alan/Downloads/tirslk_max_1_00_00/tirslk_max_1_00_00/inc" --include_path="C:/Users/Alan/Downloads/tirslk_max_1_00_00/tirslk_max_1_00_00/driverlib" --include_path="C:/ti/ccs910/ccs/tools/compiler/ti-cgt-arm_18.12.2.LTS/include" --include_path="C:/ti/ccs910/ccs/ccs_base/arm/include" --include_path="C:/ti/ccs910/ccs/ccs_base/arm/include/CMSIS" --advice:power=all --define=__MSP432P401R__ --define=ccs -g --c99 --gcc --diag_warning=225 --diag_wrap=off --display_error_number --abi=eabi --preproc_with_compile --preproc_dependency="driver.d_raw"  "C:/Users/Alan/Downloads/tirslk_max_1_00_00/tirslk_max_1_00_00/cc3100-sdk/simplelink/source/driver.c"
"C:/Users/Alan/Downloads/tirslk_max_1_00_00/tirslk_max_1_00_00/cc3100-sdk/simplelink/source/driver.c", line 529: remark #2623-D: (ULP 5.4) Detected an assignment to a type with size less than int. To avoid unnecessary sign extension, use int-sized types for local varaibles and convert to smaller types for static storage.
"C:/Users/Alan/Downloads/tirslk_max_1_00_00/tirslk_max_1_00_00/cc3100-sdk/simplelink/source/driver.c", line 529: remark #2623-D: (ULP 5.4) Detected an assignment to a type with size less than int. To avoid unnecessary sign extension, use int-sized types for local varaibles and convert to smaller types for static storage.
"C:/Users/Alan/Downloads/tirslk_max_1_00_00/tirslk_max_1_00_00/cc3100-sdk/simplelink/source/driver.c", line 579: remark #2623-D: (ULP 5.4) Detected an assignment to a type with size less than int. To avoid unnecessary sign extension, use int-sized types for local varaibles and convert to smaller types for static storage.
"C:/Users/Alan/Downloads/tirslk_max_1_00_00/tirslk_max_1_00_00/cc3100-sdk/simplelink/source/driver.c", line 579: remark #2623-D: (ULP 5.4) Detected an assignment to a type with size less than int. To avoid unnecessary sign extension, use int-sized types for local varaibles and convert to smaller types for static storage.
"C:/Users/Alan/Downloads/tirslk_max_1_00_00/tirslk_max_1_00_00/cc3100-sdk/simplelink/source/driver.c", line 661: remark #1527-D: (ULP 2.1) Detected SW delay loop using empty loop. Recommend using a timer module instead
"C:/Users/Alan/Downloads/tirslk_max_1_00_00/tirslk_max_1_00_00/cc3100-sdk/simplelink/source/driver.c", line 661: remark #1527-D: (ULP 2.1) Detected SW delay loop using empty loop. Recommend using a timer module instead
"C:/Users/Alan/Downloads/tirslk_max_1_00_00/tirslk_max_1_00_00/cc3100-sdk/simplelink/source/driver.c", line 661: remark #1527-D: (ULP 2.1) Detected SW delay loop using empty loop. Recommend using a timer module instead
"C:/Users/Alan/Downloads/tirslk_max_1_00_00/tirslk_max_1_00_00/cc3100-sdk/simplelink/source/driver.c", line 661: remark #1527-D: (ULP 2.1) Detected SW delay loop using empty loop. Recommend using a timer module instead
"C:/Users/Alan/Downloads/tirslk_max_1_00_00/tirslk_max_1_00_00/cc3100-sdk/simplelink/source/driver.c", line 661: remark #1527-D: (ULP 2.1) Detected SW delay loop using empty loop. Recommend using a timer module instead
"C:/Users/Alan/Downloads/tirslk_max_1_00_00/tirslk_max_1_00_00/cc3100-sdk/simplelink/source/driver.c", line 967: remark #2623-D: (ULP 5.4) Detected an assignment to a type with size less than int. To avoid unnecessary sign extension, use int-sized types for local varaibles and convert to smaller types for static storage.
"C:/Users/Alan/Downloads/tirslk_max_1_00_00/tirslk_max_1_00_00/cc3100-sdk/simplelink/source/driver.c", line 976: remark #2623-D: (ULP 5.4) Detected an assignment to a type with size less than int. To avoid unnecessary sign extension, use int-sized types for local varaibles and convert to smaller types for static storage.
"C:/Users/Alan/Downloads/tirslk_max_1_00_00/tirslk_max_1_00_00/cc3100-sdk/simplelink/source/driver.c", line 1020: remark #2623-D: (ULP 5.4) Detected an assignment to a type with size less than int. To avoid unnecessary sign extension, use int-sized types for local varaibles and convert to smaller types for static storage.
"C:/Users/Alan/Downloads/tirslk_max_1_00_00/tirslk_max_1_00_00/cc3100-sdk/simplelink/source/driver.c", line 1035: remark #2623-D: (ULP 5.4) Detected an assignment to a type with size less than int. To avoid unnecessary sign extension, use int-sized types for local varaibles and convert to smaller types for static storage.
"C:/Users/Alan/Downloads/tirslk_max_1_00_00/tirslk_max_1_00_00/cc3100-sdk/simplelink/source/driver.c", line 1039: remark #2623-D: (ULP 5.4) Detected an assignment to a type with size less than int. To avoid unnecessary sign extension, use int-sized types for local varaibles and convert to smaller types for static storage.
"C:/Users/Alan/Downloads/tirslk_max_1_00_00/tirslk_max_1_00_00/cc3100-sdk/simplelink/source/driver.c", line 1054: remark #2623-D: (ULP 5.4) Detected an assignment to a type with size less than int. To avoid unnecessary sign extension, use int-sized types for local varaibles and convert to smaller types for static storage.
"C:/Users/Alan/Downloads/tirslk_max_1_00_00/tirslk_max_1_00_00/cc3100-sdk/simplelink/source/driver.c", line 1116: remark #2623-D: (ULP 5.4) Detected an assignment to a type with size less than int. To avoid unnecessary sign extension, use int-sized types for local varaibles and convert to smaller types for static storage.
"C:/Users/Alan/Downloads/tirslk_max_1_00_00/tirslk_max_1_00_00/cc3100-sdk/simplelink/source/driver.c", line 1117: remark #2623-D: (ULP 5.4) Detected an assignment to a type with size less than int. To avoid unnecessary sign extension, use int-sized types for local varaibles and convert to smaller types for static storage.
"C:/Users/Alan/Downloads/tirslk_max_1_00_00/tirslk_max_1_00_00/cc3100-sdk/simplelink/source/driver.c", line 1127: remark #1542-D: (ULP 12.1) Detected memcpy() and recommend using DMA instead if greater than 100 words being transferred
"C:/Users/Alan/Downloads/tirslk_max_1_00_00/tirslk_max_1_00_00/cc3100-sdk/simplelink/source/driver.c", line 1164: remark #2623-D: (ULP 5.4) Detected an assignment to a type with size less than int. To avoid unnecessary sign extension, use int-sized types for local varaibles and convert to smaller types for static storage.
"C:/Users/Alan/Downloads/tirslk_max_1_00_00/tirslk_max_1_00_00/cc3100-sdk/simplelink/source/driver.c", line 1165: remark #2623-D: (ULP 5.4) Detected an assignment to a type with size less than int. To avoid unnecessary sign extension, use int-sized types for local varaibles and convert to smaller types for static storage.
"C:/Users/Alan/Downloads/tirslk_max_1_00_00/tirslk_max_1_00_00/cc3100-sdk/simplelink/source/driver.c", line 1169: remark #2623-D: (ULP 5.4) Detected an assignment to a type with size less than int. To avoid unnecessary sign extension, use int-sized types for local varaibles and convert to smaller types for static storage.
"C:/Users/Alan/Downloads/tirslk_max_1_00_00/tirslk_max_1_00_00/cc3100-sdk/simplelink/source/driver.c", line 1170: remark #2623-D: (ULP 5.4) Detected an assignment to a type with size less than int. To avoid unnecessary sign extension, use int-sized types for local varaibles and convert to smaller types for static storage.
"C:/Users/Alan/Downloads/tirslk_max_1_00_00/tirslk_max_1_00_00/cc3100-sdk/simplelink/source/driver.c", line 1189: remark #1542-D: (ULP 12.1) Detected memcpy() and recommend using DMA instead if greater than 100 words being transferred
"C:/Users/Alan/Downloads/tirslk_max_1_00_00/tirslk_max_1_00_00/cc3100-sdk/simplelink/source/driver.c", line 1192: remark #2623-D: (ULP 5.4) Detected an assignment to a type with size less than int. To avoid unnecessary sign extension, use int-sized types for local varaibles and convert to smaller types for static storage.
"C:/Users/Alan/Downloads/tirslk_max_1_00_00/tirslk_max_1_00_00/cc3100-sdk/simplelink/source/driver.c", line 1198: remark #2623-D: (ULP 5.4) Detected an assignment to a type with size less than int. To avoid unnecessary sign extension, use int-sized types for local varaibles and convert to smaller types for static storage.
"C:/Users/Alan/Downloads/tirslk_max_1_00_00/tirslk_max_1_00_00/cc3100-sdk/simplelink/source/driver.c", line 1202: remark #2623-D: (ULP 5.4) Detected an assignment to a type with size less than int. To avoid unnecessary sign extension, use int-sized types for local varaibles and convert to smaller types for static storage.
"C:/Users/Alan/Downloads/tirslk_max_1_00_00/tirslk_max_1_00_00/cc3100-sdk/simplelink/source/driver.c", line 967: remark #2623-D: (ULP 5.4) Detected an assignment to a type with size less than int. To avoid unnecessary sign extension, use int-sized types for local varaibles and convert to smaller types for static storage.
"C:/Users/Alan/Downloads/tirslk_max_1_00_00/tirslk_max_1_00_00/cc3100-sdk/simplelink/source/driver.c", line 1020: remark #2623-D: (ULP 5.4) Detected an assignment to a type with size less than int. To avoid unnecessary sign extension, use int-sized types for local varaibles and convert to smaller types for static storage.
"C:/Users/Alan/Downloads/tirslk_max_1_00_00/tirslk_max_1_00_00/cc3100-sdk/simplelink/source/driver.c", line 1035: remark #2623-D: (ULP 5.4) Detected an assignment to a type with size less than int. To avoid unnecessary sign extension, use int-sized types for local varaibles and convert to smaller types for static storage.
"C:/Users/Alan/Downloads/tirslk_max_1_00_00/tirslk_max_1_00_00/cc3100-sdk/simplelink/source/driver.c", line 1039: remark #2623-D: (ULP 5.4) Detected an assignment to a type with size less than int. To avoid unnecessary sign extension, use int-sized types for local varaibles and convert to smaller types for static storage.
"C:/Users/Alan/Downloads/tirslk_max_1_00_00/tirslk_max_1_00_00/cc3100-sdk/simplelink/source/driver.c", line 1054: remark #2623-D: (ULP 5.4) Detected an assignment to a type with size less than int. To avoid unnecessary sign extension, use int-sized types for local varaibles and convert to smaller types for static storage.
"C:/Users/Alan/Downloads/tirslk_max_1_00_00/tirslk_max_1_00_00/cc3100-sdk/simplelink/source/driver.c", line 1116: remark #2623-D: (ULP 5.4) Detected an assignment to a type with size less than int. To avoid unnecessary sign extension, use int-sized types for local varaibles and convert to smaller types for static storage.
"C:/Users/Alan/Downloads/tirslk_max_1_00_00/tirslk_max_1_00_00/cc3100-sdk/simplelink/source/driver.c", line 1117: remark #2623-D: (ULP 5.4) Detected an assignment to a type with size less than int. To avoid unnecessary sign extension, use int-sized types for local varaibles and convert to smaller types for static storage.
"C:/Users/Alan/Downloads/tirslk_max_1_00_00/tirslk_max_1_00_00/cc3100-sdk/simplelink/source/driver.c", line 1127: remark #1542-D: (ULP 12.1) Detected memcpy() and recommend using DMA instead if greater than 100 words being transferred
"C:/Users/Alan/Downloads/tirslk_max_1_00_00/tirslk_max_1_00_00/cc3100-sdk/simplelink/source/driver.c", line 1164: remark #2623-D: (ULP 5.4) Detected an assignment to a type with size less than int. To avoid unnecessary sign extension, use int-sized types for local varaibles and convert to smaller types for static storage.
"C:/Users/Alan/Downloads/tirslk_max_1_00_00/tirslk_max_1_00_00/cc3100-sdk/simplelink/source/driver.c", line 1165: remark #2623-D: (ULP 5.4) Detected an assignment to a type with size less than int. To avoid unnecessary sign extension, use int-sized types for local varaibles and convert to smaller types for static storage.
"C:/Users/Alan/Downloads/tirslk_max_1_00_00/tirslk_max_1_00_00/cc3100-sdk/simplelink/source/driver.c", line 1169: remark #2623-D: (ULP 5.4) Detected an assignment to a type with size less than int. To avoid unnecessary sign extension, use int-sized types for local varaibles and convert to smaller types for static storage.
"C:/Users/Alan/Downloads/tirslk_max_1_00_00/tirslk_max_1_00_00/cc3100-sdk/simplelink/source/driver.c", line 1170: remark #2623-D: (ULP 5.4) Detected an assignment to a type with size less than int. To avoid unnecessary sign extension, use int-sized types for local varaibles and convert to smaller types for static storage.
"C:/Users/Alan/Downloads/tirslk_max_1_00_00/tirslk_max_1_00_00/cc3100-sdk/simplelink/source/driver.c", line 1189: remark #1542-D: (ULP 12.1) Detected memcpy() and recommend using DMA instead if greater than 100 words being transferred
"C:/Users/Alan/Downloads/tirslk_max_1_00_00/tirslk_max_1_00_00/cc3100-sdk/simplelink/source/driver.c", line 1192: remark #2623-D: (ULP 5.4) Detected an assignment to a type with size less than int. To avoid unnecessary sign extension, use int-sized types for local varaibles and convert to smaller types for static storage.
"C:/Users/Alan/Downloads/tirslk_max_1_00_00/tirslk_max_1_00_00/cc3100-sdk/simplelink/source/driver.c", line 1198: remark #2623-D: (ULP 5.4) Detected an assignment to a type with size less than int. To avoid unnecessary sign extension, use int-sized types for local varaibles and convert to smaller types for static storage.
"C:/Users/Alan/Downloads/tirslk_max_1_00_00/tirslk_max_1_00_00/cc3100-sdk/simplelink/source/driver.c", line 1202: remark #2623-D: (ULP 5.4) Detected an assignment to a type with size less than int. To avoid unnecessary sign extension, use int-sized types for local varaibles and convert to smaller types for static storage.
"C:/Users/Alan/Downloads/tirslk_max_1_00_00/tirslk_max_1_00_00/cc3100-sdk/simplelink/source/driver.c", line 1020: remark #2623-D: (ULP 5.4) Detected an assignment to a type with size less than int. To avoid unnecessary sign extension, use int-sized types for local varaibles and convert to smaller types for static storage.
"C:/Users/Alan/Downloads/tirslk_max_1_00_00/tirslk_max_1_00_00/cc3100-sdk/simplelink/source/driver.c", line 1035: remark #2623-D: (ULP 5.4) Detected an assignment to a type with size less than int. To avoid unnecessary sign extension, use int-sized types for local varaibles and convert to smaller types for static storage.
"C:/Users/Alan/Downloads/tirslk_max_1_00_00/tirslk_max_1_00_00/cc3100-sdk/simplelink/source/driver.c", line 1039: remark #2623-D: (ULP 5.4) Detected an assignment to a type with size less than int. To avoid unnecessary sign extension, use int-sized types for local varaibles and convert to smaller types for static storage.
"C:/Users/Alan/Downloads/tirslk_max_1_00_00/tirslk_max_1_00_00/cc3100-sdk/simplelink/source/driver.c", line 1054: remark #2623-D: (ULP 5.4) Detected an assignment to a type with size less than int. To avoid unnecessary sign extension, use int-sized types for local varaibles and convert to smaller types for static storage.
"C:/Users/Alan/Downloads/tirslk_max_1_00_00/tirslk_max_1_00_00/cc3100-sdk/simplelink/source/driver.c", line 1116: remark #2623-D: (ULP 5.4) Detected an assignment to a type with size less than int. To avoid unnecessary sign extension, use int-sized types for local varaibles and convert to smaller types for static storage.
"C:/Users/Alan/Downloads/tirslk_max_1_00_00/tirslk_max_1_00_00/cc3100-sdk/simplelink/source/driver.c", line 1117: remark #2623-D: (ULP 5.4) Detected an assignment to a type with size less than int. To avoid unnecessary sign extension, use int-sized types for local varaibles and convert to smaller types for static storage.
"C:/Users/Alan/Downloads/tirslk_max_1_00_00/tirslk_max_1_00_00/cc3100-sdk/simplelink/source/driver.c", line 1127: remark #1542-D: (ULP 12.1) Detected memcpy() and recommend using DMA instead if greater than 100 words being transferred
"C:/Users/Alan/Downloads/tirslk_max_1_00_00/tirslk_max_1_00_00/cc3100-sdk/simplelink/source/driver.c", line 1164: remark #2623-D: (ULP 5.4) Detected an assignment to a type with size less than int. To avoid unnecessary sign extension, use int-sized types for local varaibles and convert to smaller types for static storage.
"C:/Users/Alan/Downloads/tirslk_max_1_00_00/tirslk_max_1_00_00/cc3100-sdk/simplelink/source/driver.c", line 1165: remark #2623-D: (ULP 5.4) Detected an assignment to a type with size less than int. To avoid unnecessary sign extension, use int-sized types for local varaibles and convert to smaller types for static storage.
"C:/Users/Alan/Downloads/tirslk_max_1_00_00/tirslk_max_1_00_00/cc3100-sdk/simplelink/source/driver.c", line 1169: remark #2623-D: (ULP 5.4) Detected an assignment to a type with size less than int. To avoid unnecessary sign extension, use int-sized types for local varaibles and convert to smaller types for static storage.
"C:/Users/Alan/Downloads/tirslk_max_1_00_00/tirslk_max_1_00_00/cc3100-sdk/simplelink/source/driver.c", line 1170: remark #2623-D: (ULP 5.4) Detected an assignment to a type with size less than int. To avoid unnecessary sign extension, use int-sized types for local varaibles and convert to smaller types for static storage.
"C:/Users/Alan/Downloads/tirslk_max_1_00_00/tirslk_max_1_00_00/cc3100-sdk/simplelink/source/driver.c", line 1189: remark #1542-D: (ULP 12.1) Detected memcpy() and recommend using DMA instead if greater than 100 words being transferred
"C:/Users/Alan/Downloads/tirslk_max_1_00_00/tirslk_max_1_00_00/cc3100-sdk/simplelink/source/driver.c", line 1192: remark #2623-D: (ULP 5.4) Detected an assignment to a type with size less than int. To avoid unnecessary sign extension, use int-sized types for local varaibles and convert to smaller types for static storage.
"C:/Users/Alan/Downloads/tirslk_max_1_00_00/tirslk_max_1_00_00/cc3100-sdk/simplelink/source/driver.c", line 1198: remark #2623-D: (ULP 5.4) Detected an assignment to a type with size less than int. To avoid unnecessary sign extension, use int-sized types for local varaibles and convert to smaller types for static storage.
"C:/Users/Alan/Downloads/tirslk_max_1_00_00/tirslk_max_1_00_00/cc3100-sdk/simplelink/source/driver.c", line 1202: remark #2623-D: (ULP 5.4) Detected an assignment to a type with size less than int. To avoid unnecessary sign extension, use int-sized types for local varaibles and convert to smaller types for static storage.
"C:/Users/Alan/Downloads/tirslk_max_1_00_00/tirslk_max_1_00_00/cc3100-sdk/simplelink/source/driver.c", line 1116: remark #2623-D: (ULP 5.4) Detected an assignment to a type with size less than int. To avoid unnecessary sign extension, use int-sized types for local varaibles and convert to smaller types for static storage.
"C:/Users/Alan/Downloads/tirslk_max_1_00_00/tirslk_max_1_00_00/cc3100-sdk/simplelink/source/driver.c", line 1117: remark #2623-D: (ULP 5.4) Detected an assignment to a type with size less than int. To avoid unnecessary sign extension, use int-sized types for local varaibles and convert to smaller types for static storage.
"C:/Users/Alan/Downloads/tirslk_max_1_00_00/tirslk_max_1_00_00/cc3100-sdk/simplelink/source/driver.c", line 1127: remark #1542-D: (ULP 12.1) Detected memcpy() and recommend using DMA instead if greater than 100 words being transferred
"C:/Users/Alan/Downloads/tirslk_max_1_00_00/tirslk_max_1_00_00/cc3100-sdk/simplelink/source/driver.c", line 1164: remark #2623-D: (ULP 5.4) Detected an assignment to a type with size less than int. To avoid unnecessary sign extension, use int-sized types for local varaibles and convert to smaller types for static storage.
"C:/Users/Alan/Downloads/tirslk_max_1_00_00/tirslk_max_1_00_00/cc3100-sdk/simplelink/source/driver.c", line 1165: remark #2623-D: (ULP 5.4) Detected an assignment to a type with size less than int. To avoid unnecessary sign extension, use int-sized types for local varaibles and convert to smaller types for static storage.
"C:/Users/Alan/Downloads/tirslk_max_1_00_00/tirslk_max_1_00_00/cc3100-sdk/simplelink/source/driver.c", line 1169: remark #2623-D: (ULP 5.4) Detected an assignment to a type with size less than int. To avoid unnecessary sign extension, use int-sized types for local varaibles and convert to smaller types for static storage.
"C:/Users/Alan/Downloads/tirslk_max_1_00_00/tirslk_max_1_00_00/cc3100-sdk/simplelink/source/driver.c", line 1170: remark #2623-D: (ULP 5.4) Detected an assignment to a type with size less than int. To avoid unnecessary sign extension, use int-sized types for local varaibles and convert to smaller types for static storage.
"C:/Users/Alan/Downloads/tirslk_max_1_00_00/tirslk_max_1_00_00/cc3100-sdk/simplelink/source/driver.c", line 1189: remark #1542-D: (ULP 12.1) Detected memcpy() and recommend using DMA instead if greater than 100 words being transferred
"C:/Users/Alan/Downloads/tirslk_max_1_00_00/tirslk_max_1_00_00/cc3100-sdk/simplelink/source/driver.c", line 1192: remark #2623-D: (ULP 5.4) Detected an assignment to a type with size less than int. To avoid unnecessary sign extension, use int-sized types for local varaibles and convert to smaller types for static storage.
"C:/Users/Alan/Downloads/tirslk_max_1_00_00/tirslk_max_1_00_00/cc3100-sdk/simplelink/source/driver.c", line 1198: remark #2623-D: (ULP 5.4) Detected an assignment to a type with size less than int. To avoid unnecessary sign extension, use int-sized types for local varaibles and convert to smaller types for static storage.
"C:/Users/Alan/Downloads/tirslk_max_1_00_00/tirslk_max_1_00_00/cc3100-sdk/simplelink/source/driver.c", line 1202: remark #2623-D: (ULP 5.4) Detected an assignment to a type with size less than int. To avoid unnecessary sign extension, use int-sized types for local varaibles and convert to smaller types for static storage.
"C:/Users/Alan/Downloads/tirslk_max_1_00_00/tirslk_max_1_00_00/cc3100-sdk/simplelink/source/driver.c", line 1164: remark #2623-D: (ULP 5.4) Detected an assignment to a type with size less than int. To avoid unnecessary sign extension, use int-sized types for local varaibles and convert to smaller types for static storage.
"C:/Users/Alan/Downloads/tirslk_max_1_00_00/tirslk_max_1_00_00/cc3100-sdk/simplelink/source/driver.c", line 1165: remark #2623-D: (ULP 5.4) Detected an assignment to a type with size less than int. To avoid unnecessary sign extension, use int-sized types for local varaibles and convert to smaller types for static storage.
"C:/Users/Alan/Downloads/tirslk_max_1_00_00/tirslk_max_1_00_00/cc3100-sdk/simplelink/source/driver.c", line 1169: remark #2623-D: (ULP 5.4) Detected an assignment to a type with size less than int. To avoid unnecessary sign extension, use int-sized types for local varaibles and convert to smaller types for static storage.
"C:/Users/Alan/Downloads/tirslk_max_1_00_00/tirslk_max_1_00_00/cc3100-sdk/simplelink/source/driver.c", line 1170: remark #2623-D: (ULP 5.4) Detected an assignment to a type with size less than int. To avoid unnecessary sign extension, use int-sized types for local varaibles and convert to smaller types for static storage.
"C:/Users/Alan/Downloads/tirslk_max_1_00_00/tirslk_max_1_00_00/cc3100-sdk/simplelink/source/driver.c", line 1189: remark #1542-D: (ULP 12.1) Detected memcpy() and recommend using DMA instead if greater than 100 words being transferred
"C:/Users/Alan/Downloads/tirslk_max_1_00_00/tirslk_max_1_00_00/cc3100-sdk/simplelink/source/driver.c", line 1192: remark #2623-D: (ULP 5.4) Detected an assignment to a type with size less than int. To avoid unnecessary sign extension, use int-sized types for local varaibles and convert to smaller types for static storage.
"C:/Users/Alan/Downloads/tirslk_max_1_00_00/tirslk_max_1_00_00/cc3100-sdk/simplelink/source/driver.c", line 1198: remark #2623-D: (ULP 5.4) Detected an assignment to a type with size less than int. To avoid unnecessary sign extension, use int-sized types for local varaibles and convert to smaller types for static storage.
"C:/Users/Alan/Downloads/tirslk_max_1_00_00/tirslk_max_1_00_00/cc3100-sdk/simplelink/source/driver.c", line 1202: remark #2623-D: (ULP 5.4) Detected an assignment to a type with size less than int. To avoid unnecessary sign extension, use int-sized types for local varaibles and convert to smaller types for static storage.
"C:/Users/Alan/Downloads/tirslk_max_1_00_00/tirslk_max_1_00_00/cc3100-sdk/simplelink/source/driver.c", line 1246: remark #2623-D: (ULP 5.4) Detected an assignment to a type with size less than int. To avoid unnecessary sign extension, use int-sized types for local varaibles and convert to smaller types for static storage.
"C:/Users/Alan/Downloads/tirslk_max_1_00_00/tirslk_max_1_00_00/cc3100-sdk/simplelink/source/driver.c", line 1557: remark #2623-D: (ULP 5.4) Detected an assignment to a type with size less than int. To avoid unnecessary sign extension, use int-sized types for local varaibles and convert to smaller types for static storage.
"C:/Users/Alan/Downloads/tirslk_max_1_00_00/tirslk_max_1_00_00/cc3100-sdk/simplelink/source/driver.c", line 1631: remark #2623-D: (ULP 5.4) Detected an assignment to a type with size less than int. To avoid unnecessary sign extension, use int-sized types for local varaibles and convert to smaller types for static storage.
"C:/Users/Alan/Downloads/tirslk_max_1_00_00/tirslk_max_1_00_00/cc3100-sdk/simplelink/source/driver.c", line 1972: remark #2623-D: (ULP 5.4) Detected an assignment to a type with size less than int. To avoid unnecessary sign extension, use int-sized types for local varaibles and convert to smaller types for static storage.
"C:/Users/Alan/Downloads/tirslk_max_1_00_00/tirslk_max_1_00_00/cc3100-sdk/simplelink/source/driver.c", line 2142: remark #2623-D: (ULP 5.4) Detected an assignment to a type with size less than int. To avoid unnecessary sign extension, use int-sized types for local varaibles and convert to smaller types for static storage.
"C:/Users/Alan/Downloads/tirslk_max_1_00_00/tirslk_max_1_00_00/cc3100-sdk/simplelink/source/driver.c", line 406: remark #1534-D: (ULP 7.1) Detected use of global variable "g_H2NSyncPattern" within one function "_SlDrvMsgWrite". Recommend placing variable in the function locally
"C:/Users/Alan/Downloads/tirslk_max_1_00_00/tirslk_max_1_00_00/cc3100-sdk/simplelink/source/driver.c", line 409: remark #1534-D: (ULP 7.1) Detected use of global variable "g_H2NCnysPattern" within one function "_SlDrvRxHdrRead". Recommend placing variable in the function locally
Finished building: "C:/Users/Alan/Downloads/tirslk_max_1_00_00/tirslk_max_1_00_00/cc3100-sdk/simplelink/source/driver.c"
 
Building file: "C:/Users/Alan/Downloads/tirslk_max_1_00_00/tirslk_max_1_00_00/cc3100-sdk/simplelink/source/spawn.c"
Invoking: ARM Compiler
"C:/ti/ccs910/ccs/tools/compiler/ti-cgt-arm_18.12.2.LTS/bin/armcl" -mv7M4 --code_state=16 --float_support=FPv4SPD16 -me --include_path="C:/Users/Alan/Downloads/tirslk_max_1_00_00/tirslk_max_1_00_00/CC3100_GetWeather" --include_path="C:/Users/Alan/Downloads/tirslk_max_1_00_00/tirslk_max_1_00_00/cc3100-sdk/simplelink/source" --include_path="C:/Users/Alan/Downloads/tirslk_max_1_00_00/tirslk_max_1_00_00/cc3100-sdk/simplelink/include" --include_path="C:/Users/Alan/Downloads/tirslk_max_1_00_00/tirslk_max_1_00_00/cc3100-sdk/examples/common" --include_path="C:/Users/Alan/Downloads/tirslk_max_1_00_00/tirslk_max_1_00_00/cc3100-sdk/platform/msp432p" --include_path="C:/Users/Alan/Downloads/tirslk_max_1_00_00/tirslk_max_1_00_00/inc" --include_path="C:/Users/Alan/Downloads/tirslk_max_1_00_00/tirslk_max_1_00_00/driverlib" --include_path="C:/ti/ccs910/ccs/tools/compiler/ti-cgt-arm_18.12.2.LTS/include" --include_path="C:/ti/ccs910/ccs/ccs_base/arm/include" --include_path="C:/ti/ccs910/ccs/ccs_base/arm/include/CMSIS" --advice:power=all --define=__MSP432P401R__ --define=ccs -g --c99 --gcc --diag_warning=225 --diag_wrap=off --display_error_number --abi=eabi --preproc_with_compile --preproc_dependency="spawn.d_raw"  "C:/Users/Alan/Downloads/tirslk_max_1_00_00/tirslk_max_1_00_00/cc3100-sdk/simplelink/source/spawn.c"
Finished building: "C:/Users/Alan/Downloads/tirslk_max_1_00_00/tirslk_max_1_00_00/cc3100-sdk/simplelink/source/spawn.c"
 
Building file: "C:/Users/Alan/Downloads/tirslk_max_1_00_00/tirslk_max_1_00_00/cc3100-sdk/platform/msp432p/spi.c"
Invoking: ARM Compiler
"C:/ti/ccs910/ccs/tools/compiler/ti-cgt-arm_18.12.2.LTS/bin/armcl" -mv7M4 --code_state=16 --float_support=FPv4SPD16 -me --include_path="C:/Users/Alan/Downloads/tirslk_max_1_00_00/tirslk_max_1_00_00/CC3100_GetWeather" --include_path="C:/Users/Alan/Downloads/tirslk_max_1_00_00/tirslk_max_1_00_00/cc3100-sdk/simplelink/source" --include_path="C:/Users/Alan/Downloads/tirslk_max_1_00_00/tirslk_max_1_00_00/cc3100-sdk/simplelink/include" --include_path="C:/Users/Alan/Downloads/tirslk_max_1_00_00/tirslk_max_1_00_00/cc3100-sdk/examples/common" --include_path="C:/Users/Alan/Downloads/tirslk_max_1_00_00/tirslk_max_1_00_00/cc3100-sdk/platform/msp432p" --include_path="C:/Users/Alan/Downloads/tirslk_max_1_00_00/tirslk_max_1_00_00/inc" --include_path="C:/Users/Alan/Downloads/tirslk_max_1_00_00/tirslk_max_1_00_00/driverlib" --include_path="C:/ti/ccs910/ccs/tools/compiler/ti-cgt-arm_18.12.2.LTS/include" --include_path="C:/ti/ccs910/ccs/ccs_base/arm/include" --include_path="C:/ti/ccs910/ccs/ccs_base/arm/include/CMSIS" --advice:power=all --define=__MSP432P401R__ --define=ccs -g --c99 --gcc --diag_warning=225 --diag_wrap=off --display_error_number --abi=eabi --preproc_with_compile --preproc_dependency="spi.d_raw"  "C:/Users/Alan/Downloads/tirslk_max_1_00_00/tirslk_max_1_00_00/cc3100-sdk/platform/msp432p/spi.c"
"C:/Users/Alan/Downloads/tirslk_max_1_00_00/tirslk_max_1_00_00/cc3100-sdk/platform/msp432p/spi.c", line 163: remark #1528-D: (ULP 3.1) Detected flag polling using UCTXIFG. Recommend using an interrupt combined with enter LPMx and ISR
"C:/Users/Alan/Downloads/tirslk_max_1_00_00/tirslk_max_1_00_00/cc3100-sdk/platform/msp432p/spi.c", line 165: remark #1528-D: (ULP 3.1) Detected flag polling using UCRXIFG. Recommend using an interrupt combined with enter LPMx and ISR
"C:/Users/Alan/Downloads/tirslk_max_1_00_00/tirslk_max_1_00_00/cc3100-sdk/platform/msp432p/spi.c", line 186: remark #1528-D: (ULP 3.1) Detected flag polling using UCTXIFG. Recommend using an interrupt combined with enter LPMx and ISR
"C:/Users/Alan/Downloads/tirslk_max_1_00_00/tirslk_max_1_00_00/cc3100-sdk/platform/msp432p/spi.c", line 188: remark #1528-D: (ULP 3.1) Detected flag polling using UCRXIFG. Recommend using an interrupt combined with enter LPMx and ISR
Finished building: "C:/Users/Alan/Downloads/tirslk_max_1_00_00/tirslk_max_1_00_00/cc3100-sdk/platform/msp432p/spi.c"
 
Building file: "C:/Users/Alan/Downloads/tirslk_max_1_00_00/tirslk_max_1_00_00/driverlib/sysctl.c"
Invoking: ARM Compiler
"C:/ti/ccs910/ccs/tools/compiler/ti-cgt-arm_18.12.2.LTS/bin/armcl" -mv7M4 --code_state=16 --float_support=FPv4SPD16 -me --include_path="C:/Users/Alan/Downloads/tirslk_max_1_00_00/tirslk_max_1_00_00/CC3100_GetWeather" --include_path="C:/Users/Alan/Downloads/tirslk_max_1_00_00/tirslk_max_1_00_00/cc3100-sdk/simplelink/source" --include_path="C:/Users/Alan/Downloads/tirslk_max_1_00_00/tirslk_max_1_00_00/cc3100-sdk/simplelink/include" --include_path="C:/Users/Alan/Downloads/tirslk_max_1_00_00/tirslk_max_1_00_00/cc3100-sdk/examples/common" --include_path="C:/Users/Alan/Downloads/tirslk_max_1_00_00/tirslk_max_1_00_00/cc3100-sdk/platform/msp432p" --include_path="C:/Users/Alan/Downloads/tirslk_max_1_00_00/tirslk_max_1_00_00/inc" --include_path="C:/Users/Alan/Downloads/tirslk_max_1_00_00/tirslk_max_1_00_00/driverlib" --include_path="C:/ti/ccs910/ccs/tools/compiler/ti-cgt-arm_18.12.2.LTS/include" --include_path="C:/ti/ccs910/ccs/ccs_base/arm/include" --include_path="C:/ti/ccs910/ccs/ccs_base/arm/include/CMSIS" --advice:power=all --define=__MSP432P401R__ --define=ccs -g --c99 --gcc --diag_warning=225 --diag_wrap=off --display_error_number --abi=eabi --preproc_with_compile --preproc_dependency="sysctl.d_raw"  "C:/Users/Alan/Downloads/tirslk_max_1_00_00/tirslk_max_1_00_00/driverlib/sysctl.c"
"C:/Users/Alan/Downloads/tirslk_max_1_00_00/tirslk_max_1_00_00/driverlib/sysctl.c", line 159: remark #1527-D: (ULP 2.1) Detected SW delay loop using empty loop. Recommend using a timer module instead
"C:/Users/Alan/Downloads/tirslk_max_1_00_00/tirslk_max_1_00_00/driverlib/sysctl.c", line 170: remark #1527-D: (ULP 2.1) Detected SW delay loop using empty loop. Recommend using a timer module instead
"C:/Users/Alan/Downloads/tirslk_max_1_00_00/tirslk_max_1_00_00/driverlib/sysctl.c", line 214: remark #1527-D: (ULP 2.1) Detected SW delay loop using empty loop. Recommend using a timer module instead
"C:/Users/Alan/Downloads/tirslk_max_1_00_00/tirslk_max_1_00_00/driverlib/sysctl.c", line 225: remark #1527-D: (ULP 2.1) Detected SW delay loop using empty loop. Recommend using a timer module instead
Finished building: "C:/Users/Alan/Downloads/tirslk_max_1_00_00/tirslk_max_1_00_00/driverlib/sysctl.c"
 
Building file: "C:/Users/Alan/Downloads/tirslk_max_1_00_00/tirslk_max_1_00_00/cc3100-sdk/simplelink/source/socket.c"
Invoking: ARM Compiler
"C:/ti/ccs910/ccs/tools/compiler/ti-cgt-arm_18.12.2.LTS/bin/armcl" -mv7M4 --code_state=16 --float_support=FPv4SPD16 -me --include_path="C:/Users/Alan/Downloads/tirslk_max_1_00_00/tirslk_max_1_00_00/CC3100_GetWeather" --include_path="C:/Users/Alan/Downloads/tirslk_max_1_00_00/tirslk_max_1_00_00/cc3100-sdk/simplelink/source" --include_path="C:/Users/Alan/Downloads/tirslk_max_1_00_00/tirslk_max_1_00_00/cc3100-sdk/simplelink/include" --include_path="C:/Users/Alan/Downloads/tirslk_max_1_00_00/tirslk_max_1_00_00/cc3100-sdk/examples/common" --include_path="C:/Users/Alan/Downloads/tirslk_max_1_00_00/tirslk_max_1_00_00/cc3100-sdk/platform/msp432p" --include_path="C:/Users/Alan/Downloads/tirslk_max_1_00_00/tirslk_max_1_00_00/inc" --include_path="C:/Users/Alan/Downloads/tirslk_max_1_00_00/tirslk_max_1_00_00/driverlib" --include_path="C:/ti/ccs910/ccs/tools/compiler/ti-cgt-arm_18.12.2.LTS/include" --include_path="C:/ti/ccs910/ccs/ccs_base/arm/include" --include_path="C:/ti/ccs910/ccs/ccs_base/arm/include/CMSIS" --advice:power=all --define=__MSP432P401R__ --define=ccs -g --c99 --gcc --diag_warning=225 --diag_wrap=off --display_error_number --abi=eabi --preproc_with_compile --preproc_dependency="socket.d_raw"  "C:/Users/Alan/Downloads/tirslk_max_1_00_00/tirslk_max_1_00_00/cc3100-sdk/simplelink/source/socket.c"
"C:/Users/Alan/Downloads/tirslk_max_1_00_00/tirslk_max_1_00_00/cc3100-sdk/simplelink/source/socket.c", line 127: remark #2623-D: (ULP 5.4) Detected an assignment to a type with size less than int. To avoid unnecessary sign extension, use int-sized types for local varaibles and convert to smaller types for static storage.
"C:/Users/Alan/Downloads/tirslk_max_1_00_00/tirslk_max_1_00_00/cc3100-sdk/simplelink/source/socket.c", line 377: remark #2623-D: (ULP 5.4) Detected an assignment to a type with size less than int. To avoid unnecessary sign extension, use int-sized types for local varaibles and convert to smaller types for static storage.
"C:/Users/Alan/Downloads/tirslk_max_1_00_00/tirslk_max_1_00_00/cc3100-sdk/simplelink/source/socket.c", line 669: remark #2623-D: (ULP 5.4) Detected an assignment to a type with size less than int. To avoid unnecessary sign extension, use int-sized types for local varaibles and convert to smaller types for static storage.
"C:/Users/Alan/Downloads/tirslk_max_1_00_00/tirslk_max_1_00_00/cc3100-sdk/simplelink/source/socket.c", line 876: remark #2623-D: (ULP 5.4) Detected an assignment to a type with size less than int. To avoid unnecessary sign extension, use int-sized types for local varaibles and convert to smaller types for static storage.
"C:/Users/Alan/Downloads/tirslk_max_1_00_00/tirslk_max_1_00_00/cc3100-sdk/simplelink/source/socket.c", line 879: remark #2623-D: (ULP 5.4) Detected an assignment to a type with size less than int. To avoid unnecessary sign extension, use int-sized types for local varaibles and convert to smaller types for static storage.
"C:/Users/Alan/Downloads/tirslk_max_1_00_00/tirslk_max_1_00_00/cc3100-sdk/simplelink/source/socket.c", line 880: remark #2623-D: (ULP 5.4) Detected an assignment to a type with size less than int. To avoid unnecessary sign extension, use int-sized types for local varaibles and convert to smaller types for static storage.
"C:/Users/Alan/Downloads/tirslk_max_1_00_00/tirslk_max_1_00_00/cc3100-sdk/simplelink/source/socket.c", line 188: remark #1534-D: (ULP 7.1) Detected use of global variable "_SlSockSocketCmdCtrl" within one function "sl_Socket". Recommend placing variable in the function locally
"C:/Users/Alan/Downloads/tirslk_max_1_00_00/tirslk_max_1_00_00/cc3100-sdk/simplelink/source/socket.c", line 232: remark #1534-D: (ULP 7.1) Detected use of global variable "_SlSockCloseCmdCtrl" within one function "sl_Close". Recommend placing variable in the function locally
"C:/Users/Alan/Downloads/tirslk_max_1_00_00/tirslk_max_1_00_00/cc3100-sdk/simplelink/source/socket.c", line 401: remark #1534-D: (ULP 7.1) Detected use of global variable "_SlRecvfomCmdCtrl" within one function "sl_RecvFrom". Recommend placing variable in the function locally
"C:/Users/Alan/Downloads/tirslk_max_1_00_00/tirslk_max_1_00_00/cc3100-sdk/simplelink/source/socket.c", line 619: remark #1534-D: (ULP 7.1) Detected use of global variable "_SlSendCmdCtrl" within one function "sl_Send". Recommend placing variable in the function locally
"C:/Users/Alan/Downloads/tirslk_max_1_00_00/tirslk_max_1_00_00/cc3100-sdk/simplelink/source/socket.c", line 697: remark #1534-D: (ULP 7.1) Detected use of global variable "_SlListenCmdCtrl" within one function "sl_Listen". Recommend placing variable in the function locally
"C:/Users/Alan/Downloads/tirslk_max_1_00_00/tirslk_max_1_00_00/cc3100-sdk/simplelink/source/socket.c", line 734: remark #1534-D: (ULP 7.1) Detected use of global variable "_SlAcceptCmdCtrl" within one function "sl_Accept". Recommend placing variable in the function locally
"C:/Users/Alan/Downloads/tirslk_max_1_00_00/tirslk_max_1_00_00/cc3100-sdk/simplelink/source/socket.c", line 943: remark #1534-D: (ULP 7.1) Detected use of global variable "_SlRecvCmdCtrl" within one function "sl_Recv". Recommend placing variable in the function locally
"C:/Users/Alan/Downloads/tirslk_max_1_00_00/tirslk_max_1_00_00/cc3100-sdk/simplelink/source/socket.c", line 994: remark #1534-D: (ULP 7.1) Detected use of global variable "_SlSetSockOptCmdCtrl" within one function "sl_SetSockOpt". Recommend placing variable in the function locally
"C:/Users/Alan/Downloads/tirslk_max_1_00_00/tirslk_max_1_00_00/cc3100-sdk/simplelink/source/socket.c", line 1038: remark #1534-D: (ULP 7.1) Detected use of global variable "_SlGetSockOptCmdCtrl" within one function "sl_GetSockOpt". Recommend placing variable in the function locally
"C:/Users/Alan/Downloads/tirslk_max_1_00_00/tirslk_max_1_00_00/cc3100-sdk/simplelink/source/socket.c", line 1096: remark #1534-D: (ULP 7.1) Detected use of global variable "_SlSelectCmdCtrl" within one function "sl_Select". Recommend placing variable in the function locally
Finished building: "C:/Users/Alan/Downloads/tirslk_max_1_00_00/tirslk_max_1_00_00/cc3100-sdk/simplelink/source/socket.c"
 
Building file: "../system_msp432p401r.c"
Invoking: ARM Compiler
"C:/ti/ccs910/ccs/tools/compiler/ti-cgt-arm_18.12.2.LTS/bin/armcl" -mv7M4 --code_state=16 --float_support=FPv4SPD16 -me --include_path="C:/Users/Alan/Downloads/tirslk_max_1_00_00/tirslk_max_1_00_00/CC3100_GetWeather" --include_path="C:/Users/Alan/Downloads/tirslk_max_1_00_00/tirslk_max_1_00_00/cc3100-sdk/simplelink/source" --include_path="C:/Users/Alan/Downloads/tirslk_max_1_00_00/tirslk_max_1_00_00/cc3100-sdk/simplelink/include" --include_path="C:/Users/Alan/Downloads/tirslk_max_1_00_00/tirslk_max_1_00_00/cc3100-sdk/examples/common" --include_path="C:/Users/Alan/Downloads/tirslk_max_1_00_00/tirslk_max_1_00_00/cc3100-sdk/platform/msp432p" --include_path="C:/Users/Alan/Downloads/tirslk_max_1_00_00/tirslk_max_1_00_00/inc" --include_path="C:/Users/Alan/Downloads/tirslk_max_1_00_00/tirslk_max_1_00_00/driverlib" --include_path="C:/ti/ccs910/ccs/tools/compiler/ti-cgt-arm_18.12.2.LTS/include" --include_path="C:/ti/ccs910/ccs/ccs_base/arm/include" --include_path="C:/ti/ccs910/ccs/ccs_base/arm/include/CMSIS" --advice:power=all --define=__MSP432P401R__ --define=ccs -g --c99 --gcc --diag_warning=225 --diag_wrap=off --display_error_number --abi=eabi --preproc_with_compile --preproc_dependency="system_msp432p401r.d_raw"  "../system_msp432p401r.c"
"../system_msp432p401r.c", line 112: remark #2623-D: (ULP 5.4) Detected an assignment to a type with size less than int. To avoid unnecessary sign extension, use int-sized types for local varaibles and convert to smaller types for static storage.
"../system_msp432p401r.c", line 160: remark #2623-D: (ULP 5.4) Detected an assignment to a type with size less than int. To avoid unnecessary sign extension, use int-sized types for local varaibles and convert to smaller types for static storage.
"../system_msp432p401r.c", line 193: remark #2623-D: (ULP 5.4) Detected an assignment to a type with size less than int. To avoid unnecessary sign extension, use int-sized types for local varaibles and convert to smaller types for static storage.
Finished building: "../system_msp432p401r.c"
 
Building file: "C:/Users/Alan/Downloads/tirslk_max_1_00_00/tirslk_max_1_00_00/cc3100-sdk/platform/msp432p/timer_tick.c"
Invoking: ARM Compiler
"C:/ti/ccs910/ccs/tools/compiler/ti-cgt-arm_18.12.2.LTS/bin/armcl" -mv7M4 --code_state=16 --float_support=FPv4SPD16 -me --include_path="C:/Users/Alan/Downloads/tirslk_max_1_00_00/tirslk_max_1_00_00/CC3100_GetWeather" --include_path="C:/Users/Alan/Downloads/tirslk_max_1_00_00/tirslk_max_1_00_00/cc3100-sdk/simplelink/source" --include_path="C:/Users/Alan/Downloads/tirslk_max_1_00_00/tirslk_max_1_00_00/cc3100-sdk/simplelink/include" --include_path="C:/Users/Alan/Downloads/tirslk_max_1_00_00/tirslk_max_1_00_00/cc3100-sdk/examples/common" --include_path="C:/Users/Alan/Downloads/tirslk_max_1_00_00/tirslk_max_1_00_00/cc3100-sdk/platform/msp432p" --include_path="C:/Users/Alan/Downloads/tirslk_max_1_00_00/tirslk_max_1_00_00/inc" --include_path="C:/Users/Alan/Downloads/tirslk_max_1_00_00/tirslk_max_1_00_00/driverlib" --include_path="C:/ti/ccs910/ccs/tools/compiler/ti-cgt-arm_18.12.2.LTS/include" --include_path="C:/ti/ccs910/ccs/ccs_base/arm/include" --include_path="C:/ti/ccs910/ccs/ccs_base/arm/include/CMSIS" --advice:power=all --define=__MSP432P401R__ --define=ccs -g --c99 --gcc --diag_warning=225 --diag_wrap=off --display_error_number --abi=eabi --preproc_with_compile --preproc_dependency="timer_tick.d_raw"  "C:/Users/Alan/Downloads/tirslk_max_1_00_00/tirslk_max_1_00_00/cc3100-sdk/platform/msp432p/timer_tick.c"
Finished building: "C:/Users/Alan/Downloads/tirslk_max_1_00_00/tirslk_max_1_00_00/cc3100-sdk/platform/msp432p/timer_tick.c"
 
Building file: "C:/Users/Alan/Downloads/tirslk_max_1_00_00/tirslk_max_1_00_00/utils/ustdlib.c"
Invoking: ARM Compiler
"C:/ti/ccs910/ccs/tools/compiler/ti-cgt-arm_18.12.2.LTS/bin/armcl" -mv7M4 --code_state=16 --float_support=FPv4SPD16 -me --include_path="C:/Users/Alan/Downloads/tirslk_max_1_00_00/tirslk_max_1_00_00/CC3100_GetWeather" --include_path="C:/Users/Alan/Downloads/tirslk_max_1_00_00/tirslk_max_1_00_00/cc3100-sdk/simplelink/source" --include_path="C:/Users/Alan/Downloads/tirslk_max_1_00_00/tirslk_max_1_00_00/cc3100-sdk/simplelink/include" --include_path="C:/Users/Alan/Downloads/tirslk_max_1_00_00/tirslk_max_1_00_00/cc3100-sdk/examples/common" --include_path="C:/Users/Alan/Downloads/tirslk_max_1_00_00/tirslk_max_1_00_00/cc3100-sdk/platform/msp432p" --include_path="C:/Users/Alan/Downloads/tirslk_max_1_00_00/tirslk_max_1_00_00/inc" --include_path="C:/Users/Alan/Downloads/tirslk_max_1_00_00/tirslk_max_1_00_00/driverlib" --include_path="C:/ti/ccs910/ccs/tools/compiler/ti-cgt-arm_18.12.2.LTS/include" --include_path="C:/ti/ccs910/ccs/ccs_base/arm/include" --include_path="C:/ti/ccs910/ccs/ccs_base/arm/include/CMSIS" --advice:power=all --define=__MSP432P401R__ --define=ccs -g --c99 --gcc --diag_warning=225 --diag_wrap=off --display_error_number --abi=eabi --preproc_with_compile --preproc_dependency="ustdlib.d_raw"  "C:/Users/Alan/Downloads/tirslk_max_1_00_00/tirslk_max_1_00_00/utils/ustdlib.c"
"C:/Users/Alan/Downloads/tirslk_max_1_00_00/tirslk_max_1_00_00/utils/ustdlib.c", line 193: remark #1527-D: (ULP 2.1) Detected SW delay loop using empty loop. Recommend using a timer module instead
"C:/Users/Alan/Downloads/tirslk_max_1_00_00/tirslk_max_1_00_00/utils/ustdlib.c", line 383: remark #1527-D: (ULP 2.1) Detected SW delay loop using empty loop. Recommend using a timer module instead
"C:/Users/Alan/Downloads/tirslk_max_1_00_00/tirslk_max_1_00_00/utils/ustdlib.c", line 505: remark #1527-D: (ULP 2.1) Detected SW delay loop using empty loop. Recommend using a timer module instead
"C:/Users/Alan/Downloads/tirslk_max_1_00_00/tirslk_max_1_00_00/utils/ustdlib.c", line 1625: remark #2623-D: (ULP 5.4) Detected an assignment to a type with size less than int. To avoid unnecessary sign extension, use int-sized types for local varaibles and convert to smaller types for static storage.
"C:/Users/Alan/Downloads/tirslk_max_1_00_00/tirslk_max_1_00_00/utils/ustdlib.c", line 1626: remark #2623-D: (ULP 5.4) Detected an assignment to a type with size less than int. To avoid unnecessary sign extension, use int-sized types for local varaibles and convert to smaller types for static storage.
"C:/Users/Alan/Downloads/tirslk_max_1_00_00/tirslk_max_1_00_00/utils/ustdlib.c", line 42: remark #1534-D: (ULP 7.1) Detected use of global variable "g_pcHex" within one function "uvsnprintf". Recommend placing variable in the function locally
Finished building: "C:/Users/Alan/Downloads/tirslk_max_1_00_00/tirslk_max_1_00_00/utils/ustdlib.c"
 
Building file: "C:/Users/Alan/Downloads/tirslk_max_1_00_00/tirslk_max_1_00_00/cc3100-sdk/simplelink/source/wlan.c"
Invoking: ARM Compiler
"C:/ti/ccs910/ccs/tools/compiler/ti-cgt-arm_18.12.2.LTS/bin/armcl" -mv7M4 --code_state=16 --float_support=FPv4SPD16 -me --include_path="C:/Users/Alan/Downloads/tirslk_max_1_00_00/tirslk_max_1_00_00/CC3100_GetWeather" --include_path="C:/Users/Alan/Downloads/tirslk_max_1_00_00/tirslk_max_1_00_00/cc3100-sdk/simplelink/source" --include_path="C:/Users/Alan/Downloads/tirslk_max_1_00_00/tirslk_max_1_00_00/cc3100-sdk/simplelink/include" --include_path="C:/Users/Alan/Downloads/tirslk_max_1_00_00/tirslk_max_1_00_00/cc3100-sdk/examples/common" --include_path="C:/Users/Alan/Downloads/tirslk_max_1_00_00/tirslk_max_1_00_00/cc3100-sdk/platform/msp432p" --include_path="C:/Users/Alan/Downloads/tirslk_max_1_00_00/tirslk_max_1_00_00/inc" --include_path="C:/Users/Alan/Downloads/tirslk_max_1_00_00/tirslk_max_1_00_00/driverlib" --include_path="C:/ti/ccs910/ccs/tools/compiler/ti-cgt-arm_18.12.2.LTS/include" --include_path="C:/ti/ccs910/ccs/ccs_base/arm/include" --include_path="C:/ti/ccs910/ccs/ccs_base/arm/include/CMSIS" --advice:power=all --define=__MSP432P401R__ --define=ccs -g --c99 --gcc --diag_warning=225 --diag_wrap=off --display_error_number --abi=eabi --preproc_with_compile --preproc_dependency="wlan.d_raw"  "C:/Users/Alan/Downloads/tirslk_max_1_00_00/tirslk_max_1_00_00/cc3100-sdk/simplelink/source/wlan.c"
"C:/Users/Alan/Downloads/tirslk_max_1_00_00/tirslk_max_1_00_00/cc3100-sdk/simplelink/source/wlan.c", line 105: remark #1542-D: (ULP 12.1) Detected memcpy() and recommend using DMA instead if greater than 100 words being transferred
"C:/Users/Alan/Downloads/tirslk_max_1_00_00/tirslk_max_1_00_00/cc3100-sdk/simplelink/source/wlan.c", line 121: remark #1542-D: (ULP 12.1) Detected memcpy() and recommend using DMA instead if greater than 100 words being transferred
"C:/Users/Alan/Downloads/tirslk_max_1_00_00/tirslk_max_1_00_00/cc3100-sdk/simplelink/source/wlan.c", line 143: remark #1542-D: (ULP 12.1) Detected memcpy() and recommend using DMA instead if greater than 100 words being transferred
"C:/Users/Alan/Downloads/tirslk_max_1_00_00/tirslk_max_1_00_00/cc3100-sdk/simplelink/source/wlan.c", line 155: remark #1542-D: (ULP 12.1) Detected memcpy() and recommend using DMA instead if greater than 100 words being transferred
"C:/Users/Alan/Downloads/tirslk_max_1_00_00/tirslk_max_1_00_00/cc3100-sdk/simplelink/source/wlan.c", line 168: remark #1542-D: (ULP 12.1) Detected memcpy() and recommend using DMA instead if greater than 100 words being transferred
"C:/Users/Alan/Downloads/tirslk_max_1_00_00/tirslk_max_1_00_00/cc3100-sdk/simplelink/source/wlan.c", line 186: remark #1542-D: (ULP 12.1) Detected memcpy() and recommend using DMA instead if greater than 100 words being transferred
"C:/Users/Alan/Downloads/tirslk_max_1_00_00/tirslk_max_1_00_00/cc3100-sdk/simplelink/source/wlan.c", line 395: remark #1542-D: (ULP 12.1) Detected memcpy() and recommend using DMA instead if greater than 100 words being transferred
"C:/Users/Alan/Downloads/tirslk_max_1_00_00/tirslk_max_1_00_00/cc3100-sdk/simplelink/source/wlan.c", line 420: remark #1542-D: (ULP 12.1) Detected memcpy() and recommend using DMA instead if greater than 100 words being transferred
"C:/Users/Alan/Downloads/tirslk_max_1_00_00/tirslk_max_1_00_00/cc3100-sdk/simplelink/source/wlan.c", line 441: remark #1542-D: (ULP 12.1) Detected memcpy() and recommend using DMA instead if greater than 100 words being transferred
"C:/Users/Alan/Downloads/tirslk_max_1_00_00/tirslk_max_1_00_00/cc3100-sdk/simplelink/source/wlan.c", line 455: remark #1542-D: (ULP 12.1) Detected memcpy() and recommend using DMA instead if greater than 100 words being transferred
"C:/Users/Alan/Downloads/tirslk_max_1_00_00/tirslk_max_1_00_00/cc3100-sdk/simplelink/source/wlan.c", line 471: remark #1542-D: (ULP 12.1) Detected memcpy() and recommend using DMA instead if greater than 100 words being transferred
"C:/Users/Alan/Downloads/tirslk_max_1_00_00/tirslk_max_1_00_00/cc3100-sdk/simplelink/source/wlan.c", line 497: remark #1542-D: (ULP 12.1) Detected memcpy() and recommend using DMA instead if greater than 100 words being transferred
"C:/Users/Alan/Downloads/tirslk_max_1_00_00/tirslk_max_1_00_00/cc3100-sdk/simplelink/source/wlan.c", line 563: remark #1542-D: (ULP 12.1) Detected memcpy() and recommend using DMA instead if greater than 100 words being transferred
"C:/Users/Alan/Downloads/tirslk_max_1_00_00/tirslk_max_1_00_00/cc3100-sdk/simplelink/source/wlan.c", line 569: remark #1542-D: (ULP 12.1) Detected memcpy() and recommend using DMA instead if greater than 100 words being transferred
"C:/Users/Alan/Downloads/tirslk_max_1_00_00/tirslk_max_1_00_00/cc3100-sdk/simplelink/source/wlan.c", line 581: remark #1542-D: (ULP 12.1) Detected memcpy() and recommend using DMA instead if greater than 100 words being transferred
"C:/Users/Alan/Downloads/tirslk_max_1_00_00/tirslk_max_1_00_00/cc3100-sdk/simplelink/source/wlan.c", line 941: remark #1542-D: (ULP 12.1) Detected memcpy() and recommend using DMA instead if greater than 100 words being transferred
"C:/Users/Alan/Downloads/tirslk_max_1_00_00/tirslk_max_1_00_00/cc3100-sdk/simplelink/source/wlan.c", line 942: remark #1542-D: (ULP 12.1) Detected memcpy() and recommend using DMA instead if greater than 100 words being transferred
"C:/Users/Alan/Downloads/tirslk_max_1_00_00/tirslk_max_1_00_00/cc3100-sdk/simplelink/source/wlan.c", line 943: remark #1542-D: (ULP 12.1) Detected memcpy() and recommend using DMA instead if greater than 100 words being transferred
"C:/Users/Alan/Downloads/tirslk_max_1_00_00/tirslk_max_1_00_00/cc3100-sdk/simplelink/source/wlan.c", line 238: remark #1534-D: (ULP 7.1) Detected use of global variable "_SlPolicySetCmdCtrl" within one function "sl_WlanPolicySet". Recommend placing variable in the function locally
"C:/Users/Alan/Downloads/tirslk_max_1_00_00/tirslk_max_1_00_00/cc3100-sdk/simplelink/source/wlan.c", line 281: remark #1534-D: (ULP 7.1) Detected use of global variable "_SlPolicyGetCmdCtrl" within one function "sl_WlanPolicyGet". Recommend placing variable in the function locally
"C:/Users/Alan/Downloads/tirslk_max_1_00_00/tirslk_max_1_00_00/cc3100-sdk/simplelink/source/wlan.c", line 536: remark #1534-D: (ULP 7.1) Detected use of global variable "_SlProfileGetCmdCtrl" within one function "sl_WlanProfileGet". Recommend placing variable in the function locally
"C:/Users/Alan/Downloads/tirslk_max_1_00_00/tirslk_max_1_00_00/cc3100-sdk/simplelink/source/wlan.c", line 599: remark #1534-D: (ULP 7.1) Detected use of global variable "_SlProfileDelCmdCtrl" within one function "sl_WlanProfileDel". Recommend placing variable in the function locally
"C:/Users/Alan/Downloads/tirslk_max_1_00_00/tirslk_max_1_00_00/cc3100-sdk/simplelink/source/wlan.c", line 635: remark #1534-D: (ULP 7.1) Detected use of global variable "_SlWlanGetNetworkListCtrl" within one function "sl_WlanGetNetworkList". Recommend placing variable in the function locally
"C:/Users/Alan/Downloads/tirslk_max_1_00_00/tirslk_max_1_00_00/cc3100-sdk/simplelink/source/wlan.c", line 704: remark #1534-D: (ULP 7.1) Detected use of global variable "_SlRxFilterAddtCmdCtrl" within one function "sl_WlanRxFilterAdd". Recommend placing variable in the function locally
"C:/Users/Alan/Downloads/tirslk_max_1_00_00/tirslk_max_1_00_00/cc3100-sdk/simplelink/source/wlan.c", line 751: remark #1534-D: (ULP 7.1) Detected use of global variable "_SlRxFilterSetCmdCtrl" within one function "sl_WlanRxFilterSet". Recommend placing variable in the function locally
"C:/Users/Alan/Downloads/tirslk_max_1_00_00/tirslk_max_1_00_00/cc3100-sdk/simplelink/source/wlan.c", line 789: remark #1534-D: (ULP 7.1) Detected use of global variable "_SlRxFilterGetCmdCtrl" within one function "sl_WlanRxFilterGet". Recommend placing variable in the function locally
"C:/Users/Alan/Downloads/tirslk_max_1_00_00/tirslk_max_1_00_00/cc3100-sdk/simplelink/source/wlan.c", line 912: remark #1534-D: (ULP 7.1) Detected use of global variable "_SlSmartConfigStartCmdCtrl" within one function "sl_WlanSmartConfigStart". Recommend placing variable in the function locally
"C:/Users/Alan/Downloads/tirslk_max_1_00_00/tirslk_max_1_00_00/cc3100-sdk/simplelink/source/wlan.c", line 965: remark #1534-D: (ULP 7.1) Detected use of global variable "_SlWlanSetModeCmdCtrl" within one function "sl_WlanSetMode". Recommend placing variable in the function locally
"C:/Users/Alan/Downloads/tirslk_max_1_00_00/tirslk_max_1_00_00/cc3100-sdk/simplelink/source/wlan.c", line 1007: remark #1534-D: (ULP 7.1) Detected use of global variable "_SlWlanCfgSetCmdCtrl" within one function "sl_WlanSet". Recommend placing variable in the function locally
"C:/Users/Alan/Downloads/tirslk_max_1_00_00/tirslk_max_1_00_00/cc3100-sdk/simplelink/source/wlan.c", line 1049: remark #1534-D: (ULP 7.1) Detected use of global variable "_SlWlanCfgGetCmdCtrl" within one function "sl_WlanGet". Recommend placing variable in the function locally
Finished building: "C:/Users/Alan/Downloads/tirslk_max_1_00_00/tirslk_max_1_00_00/cc3100-sdk/simplelink/source/wlan.c"
 
Building target: "CC3100_GetWeather.out"
Invoking: ARM Linker
"C:/ti/ccs910/ccs/tools/compiler/ti-cgt-arm_18.12.2.LTS/bin/armcl" -mv7M4 --code_state=16 --float_support=FPv4SPD16 -me --advice:power=all --define=__MSP432P401R__ --define=ccs -g --c99 --gcc --diag_warning=225 --diag_wrap=off --display_error_number --abi=eabi -z -m"CC3100_GetWeather.map" --heap_size=1024 --stack_size=512 -i"C:/ti/ccs910/ccs/ccs_base/arm/include" -i"C:/ti/ccs910/ccs/ccs_base/arm/include" -i"C:/Users/Alan/Downloads/tirslk_max_1_00_00" -i"C:/Users/Alan/Downloads/tirslk_max_1_00_00/cc3100-sdk/examples/common" -i"C:/Users/Alan/Downloads/tirslk_max_1_00_00/driverlib" -i"C:/Users/Alan/Downloads/tirslk_max_1_00_00/cc3100-sdk/simplelink/source" -i"C:/Users/Alan/Downloads/tirslk_max_1_00_00/cc3100-sdk/simplelink/include/" -i"C:/Users/Alan/Downloads/tirslk_max_1_00_00/cc3100-sdk/platform/msp432p" -i"C:/Users/Alan/Downloads/tirslk_max_1_00_00/utils" -i"C:/Users/Alan/Downloads/tirslk_max_1_00_00/inc" -i"C:/ti/ccs910/ccs/tools/compiler/ti-cgt-arm_18.12.2.LTS/lib" -i"C:/ti/ccs910/ccs/tools/compiler/ti-cgt-arm_18.12.2.LTS/include" --reread_libs --diag_wrap=off --display_error_number --warn_sections --xml_link_info="CC3100_GetWeather_linkInfo.xml" --rom_model -o "CC3100_GetWeather.out" "./Clock.obj" "./LaunchPad.obj" "../UART0.obj" "./board.obj" "./cpu.obj" "./device.obj" "./driver.obj" "./flowcont.obj" "./fpu.obj" "./fs.obj" "./interrupt.obj" "./main.obj" "./netapp.obj" "./netcfg.obj" "./nonos.obj" "./socket.obj" "./spawn.obj" "./spi.obj" "./startup_msp432p401r_ccs.obj" "./sysctl.obj" "./system_msp432p401r.obj" "./timer_tick.obj" "./ustdlib.obj" "./wlan.obj" "../msp432p401r.cmd"  -llibc.a 
<Linking>
remark #10371-D: (ULP 1.1) Detected no uses of low power mode state changing instructions
remark #10372-D: (ULP 4.1) Detected uninitialized Port 1 in this project. Recommend initializing all unused ports to eliminate wasted current consumption on unused pins.
remark #10372-D: (ULP 4.1) Detected uninitialized Port 2 in this project. Recommend initializing all unused ports to eliminate wasted current consumption on unused pins.
remark #10372-D: (ULP 4.1) Detected uninitialized Port 3 in this project. Recommend initializing all unused ports to eliminate wasted current consumption on unused pins.
remark #10372-D: (ULP 4.1) Detected uninitialized Port 4 in this project. Recommend initializing all unused ports to eliminate wasted current consumption on unused pins.
remark #10372-D: (ULP 4.1) Detected uninitialized Port 5 in this project. Recommend initializing all unused ports to eliminate wasted current consumption on unused pins.
remark #10372-D: (ULP 4.1) Detected uninitialized Port 6 in this project. Recommend initializing all unused ports to eliminate wasted current consumption on unused pins.
remark #10372-D: (ULP 4.1) Detected uninitialized Port 7 in this project. Recommend initializing all unused ports to eliminate wasted current consumption on unused pins.
remark #10372-D: (ULP 4.1) Detected uninitialized Port 8 in this project. Recommend initializing all unused ports to eliminate wasted current consumption on unused pins.
remark #10372-D: (ULP 4.1) Detected uninitialized Port 9 in this project. Recommend initializing all unused ports to eliminate wasted current consumption on unused pins.
remark #10372-D: (ULP 4.1) Detected uninitialized Port 10 in this project. Recommend initializing all unused ports to eliminate wasted current consumption on unused pins.
Finished building target: "CC3100_GetWeather.out"
 

**** Build Finished ****
