
**** Build of configuration Debug for project Competition_Distance ****

"C:\\ti\\ccs910\\ccs\\utils\\bin\\gmake" -k -j 8 all -O 
 
Building file: "C:/Users/Alan/Downloads/tirslk_max_1_00_00/tirslk_max_1_00_00/inc/CortexM.c"
Invoking: ARM Compiler
"C:/ti/ccs910/ccs/tools/compiler/ti-cgt-arm_18.12.2.LTS/bin/armcl" -mv7M4 --code_state=16 --float_support=FPv4SPD16 -me --include_path="C:/ti/ccs910/ccs/ccs_base/arm/include" --include_path="C:/ti/ccs910/ccs/ccs_base/arm/include/CMSIS" --include_path="C:/Users/Alan/Downloads/tirslk_max_1_00_00/tirslk_max_1_00_00/Competition_Distance" --include_path="C:/ti/ccs910/ccs/tools/compiler/ti-cgt-arm_18.12.2.LTS/include" --advice:power=all --define=__MSP432P401R__ --define=ccs -g --c99 --gcc --diag_warning=225 --diag_wrap=off --display_error_number --abi=eabi --preproc_with_compile --preproc_dependency="CortexM.d_raw"  "C:/Users/Alan/Downloads/tirslk_max_1_00_00/tirslk_max_1_00_00/inc/CortexM.c"
Finished building: "C:/Users/Alan/Downloads/tirslk_max_1_00_00/tirslk_max_1_00_00/inc/CortexM.c"
 
Building file: "../startup_msp432p401r_ccs.c"
Invoking: ARM Compiler
"C:/ti/ccs910/ccs/tools/compiler/ti-cgt-arm_18.12.2.LTS/bin/armcl" -mv7M4 --code_state=16 --float_support=FPv4SPD16 -me --include_path="C:/ti/ccs910/ccs/ccs_base/arm/include" --include_path="C:/ti/ccs910/ccs/ccs_base/arm/include/CMSIS" --include_path="C:/Users/Alan/Downloads/tirslk_max_1_00_00/tirslk_max_1_00_00/Competition_Distance" --include_path="C:/ti/ccs910/ccs/tools/compiler/ti-cgt-arm_18.12.2.LTS/include" --advice:power=all --define=__MSP432P401R__ --define=ccs -g --c99 --gcc --diag_warning=225 --diag_wrap=off --display_error_number --abi=eabi --preproc_with_compile --preproc_dependency="startup_msp432p401r_ccs.d_raw"  "../startup_msp432p401r_ccs.c"
Finished building: "../startup_msp432p401r_ccs.c"
 
Building file: "C:/Users/Alan/Downloads/tirslk_max_1_00_00/tirslk_max_1_00_00/inc/Clock.c"
Invoking: ARM Compiler
"C:/ti/ccs910/ccs/tools/compiler/ti-cgt-arm_18.12.2.LTS/bin/armcl" -mv7M4 --code_state=16 --float_support=FPv4SPD16 -me --include_path="C:/ti/ccs910/ccs/ccs_base/arm/include" --include_path="C:/ti/ccs910/ccs/ccs_base/arm/include/CMSIS" --include_path="C:/Users/Alan/Downloads/tirslk_max_1_00_00/tirslk_max_1_00_00/Competition_Distance" --include_path="C:/ti/ccs910/ccs/tools/compiler/ti-cgt-arm_18.12.2.LTS/include" --advice:power=all --define=__MSP432P401R__ --define=ccs -g --c99 --gcc --diag_warning=225 --diag_wrap=off --display_error_number --abi=eabi --preproc_with_compile --preproc_dependency="Clock.d_raw"  "C:/Users/Alan/Downloads/tirslk_max_1_00_00/tirslk_max_1_00_00/inc/Clock.c"
Finished building: "C:/Users/Alan/Downloads/tirslk_max_1_00_00/tirslk_max_1_00_00/inc/Clock.c"
 
Building file: "C:/Users/Alan/Downloads/tirslk_max_1_00_00/tirslk_max_1_00_00/inc/LaunchPad.c"
Invoking: ARM Compiler
"C:/ti/ccs910/ccs/tools/compiler/ti-cgt-arm_18.12.2.LTS/bin/armcl" -mv7M4 --code_state=16 --float_support=FPv4SPD16 -me --include_path="C:/ti/ccs910/ccs/ccs_base/arm/include" --include_path="C:/ti/ccs910/ccs/ccs_base/arm/include/CMSIS" --include_path="C:/Users/Alan/Downloads/tirslk_max_1_00_00/tirslk_max_1_00_00/Competition_Distance" --include_path="C:/ti/ccs910/ccs/tools/compiler/ti-cgt-arm_18.12.2.LTS/include" --advice:power=all --define=__MSP432P401R__ --define=ccs -g --c99 --gcc --diag_warning=225 --diag_wrap=off --display_error_number --abi=eabi --preproc_with_compile --preproc_dependency="LaunchPad.d_raw"  "C:/Users/Alan/Downloads/tirslk_max_1_00_00/tirslk_max_1_00_00/inc/LaunchPad.c"
Finished building: "C:/Users/Alan/Downloads/tirslk_max_1_00_00/tirslk_max_1_00_00/inc/LaunchPad.c"
 
Building file: "C:/Users/Alan/Downloads/tirslk_max_1_00_00/tirslk_max_1_00_00/inc/LPF.c"
Invoking: ARM Compiler
"C:/ti/ccs910/ccs/tools/compiler/ti-cgt-arm_18.12.2.LTS/bin/armcl" -mv7M4 --code_state=16 --float_support=FPv4SPD16 -me --include_path="C:/ti/ccs910/ccs/ccs_base/arm/include" --include_path="C:/ti/ccs910/ccs/ccs_base/arm/include/CMSIS" --include_path="C:/Users/Alan/Downloads/tirslk_max_1_00_00/tirslk_max_1_00_00/Competition_Distance" --include_path="C:/ti/ccs910/ccs/tools/compiler/ti-cgt-arm_18.12.2.LTS/include" --advice:power=all --define=__MSP432P401R__ --define=ccs -g --c99 --gcc --diag_warning=225 --diag_wrap=off --display_error_number --abi=eabi --preproc_with_compile --preproc_dependency="LPF.d_raw"  "C:/Users/Alan/Downloads/tirslk_max_1_00_00/tirslk_max_1_00_00/inc/LPF.c"
Finished building: "C:/Users/Alan/Downloads/tirslk_max_1_00_00/tirslk_max_1_00_00/inc/LPF.c"
 
Building file: "C:/Users/Alan/Downloads/tirslk_max_1_00_00/tirslk_max_1_00_00/inc/SysTickInts.c"
Invoking: ARM Compiler
"C:/ti/ccs910/ccs/tools/compiler/ti-cgt-arm_18.12.2.LTS/bin/armcl" -mv7M4 --code_state=16 --float_support=FPv4SPD16 -me --include_path="C:/ti/ccs910/ccs/ccs_base/arm/include" --include_path="C:/ti/ccs910/ccs/ccs_base/arm/include/CMSIS" --include_path="C:/Users/Alan/Downloads/tirslk_max_1_00_00/tirslk_max_1_00_00/Competition_Distance" --include_path="C:/ti/ccs910/ccs/tools/compiler/ti-cgt-arm_18.12.2.LTS/include" --advice:power=all --define=__MSP432P401R__ --define=ccs -g --c99 --gcc --diag_warning=225 --diag_wrap=off --display_error_number --abi=eabi --preproc_with_compile --preproc_dependency="SysTickInts.d_raw"  "C:/Users/Alan/Downloads/tirslk_max_1_00_00/tirslk_max_1_00_00/inc/SysTickInts.c"
Finished building: "C:/Users/Alan/Downloads/tirslk_max_1_00_00/tirslk_max_1_00_00/inc/SysTickInts.c"
 
Building file: "../system_msp432p401r.c"
Invoking: ARM Compiler
"C:/ti/ccs910/ccs/tools/compiler/ti-cgt-arm_18.12.2.LTS/bin/armcl" -mv7M4 --code_state=16 --float_support=FPv4SPD16 -me --include_path="C:/ti/ccs910/ccs/ccs_base/arm/include" --include_path="C:/ti/ccs910/ccs/ccs_base/arm/include/CMSIS" --include_path="C:/Users/Alan/Downloads/tirslk_max_1_00_00/tirslk_max_1_00_00/Competition_Distance" --include_path="C:/ti/ccs910/ccs/tools/compiler/ti-cgt-arm_18.12.2.LTS/include" --advice:power=all --define=__MSP432P401R__ --define=ccs -g --c99 --gcc --diag_warning=225 --diag_wrap=off --display_error_number --abi=eabi --preproc_with_compile --preproc_dependency="system_msp432p401r.d_raw"  "../system_msp432p401r.c"
"../system_msp432p401r.c", line 156: remark #2623-D: (ULP 5.4) Detected an assignment to a type with size less than int. To avoid unnecessary sign extension, use int-sized types for local varaibles and convert to smaller types for static storage.
"../system_msp432p401r.c", line 189: remark #2623-D: (ULP 5.4) Detected an assignment to a type with size less than int. To avoid unnecessary sign extension, use int-sized types for local varaibles and convert to smaller types for static storage.
Finished building: "../system_msp432p401r.c"
 
Building file: "../Robotmain.c"
Invoking: ARM Compiler
"C:/ti/ccs910/ccs/tools/compiler/ti-cgt-arm_18.12.2.LTS/bin/armcl" -mv7M4 --code_state=16 --float_support=FPv4SPD16 -me --include_path="C:/ti/ccs910/ccs/ccs_base/arm/include" --include_path="C:/ti/ccs910/ccs/ccs_base/arm/include/CMSIS" --include_path="C:/Users/Alan/Downloads/tirslk_max_1_00_00/tirslk_max_1_00_00/Competition_Distance" --include_path="C:/ti/ccs910/ccs/tools/compiler/ti-cgt-arm_18.12.2.LTS/include" --advice:power=all --define=__MSP432P401R__ --define=ccs -g --c99 --gcc --diag_warning=225 --diag_wrap=off --display_error_number --abi=eabi --preproc_with_compile --preproc_dependency="Robotmain.d_raw"  "../Robotmain.c"
"../Robotmain.c", line 128: remark #1532-D: (ULP 5.3) Detected printf() operation(s). Recommend moving them to RAM during run time or not using as these are processing/power intensive
"../Robotmain.c", line 130: remark #1532-D: (ULP 5.3) Detected printf() operation(s). Recommend moving them to RAM during run time or not using as these are processing/power intensive
"../Robotmain.c", line 139: remark #1532-D: (ULP 5.3) Detected printf() operation(s). Recommend moving them to RAM during run time or not using as these are processing/power intensive
"../Robotmain.c", line 148: remark #1532-D: (ULP 5.3) Detected printf() operation(s). Recommend moving them to RAM during run time or not using as these are processing/power intensive
"../Robotmain.c", line 161: remark #1532-D: (ULP 5.3) Detected printf() operation(s). Recommend moving them to RAM during run time or not using as these are processing/power intensive
"../Robotmain.c", line 175: remark #1532-D: (ULP 5.3) Detected printf() operation(s). Recommend moving them to RAM during run time or not using as these are processing/power intensive
"../Robotmain.c", line 180: remark #1532-D: (ULP 5.3) Detected printf() operation(s). Recommend moving them to RAM during run time or not using as these are processing/power intensive
"../Robotmain.c", line 185: remark #1532-D: (ULP 5.3) Detected printf() operation(s). Recommend moving them to RAM during run time or not using as these are processing/power intensive
Finished building: "../Robotmain.c"
 
Building target: "Competition_Distance.out"
Invoking: ARM Linker
"C:/ti/ccs910/ccs/tools/compiler/ti-cgt-arm_18.12.2.LTS/bin/armcl" -mv7M4 --code_state=16 --float_support=FPv4SPD16 -me --advice:power=all --define=__MSP432P401R__ --define=ccs -g --c99 --gcc --diag_warning=225 --diag_wrap=off --display_error_number --abi=eabi -z -m"Competition_Distance.map" --heap_size=1024 --stack_size=512 -i"C:/ti/ccs910/ccs/ccs_base/arm/include" -i"C:/ti/ccs910/ccs/tools/compiler/ti-cgt-arm_18.12.2.LTS/lib" -i"C:/ti/ccs910/ccs/tools/compiler/ti-cgt-arm_18.12.2.LTS/include" --reread_libs --diag_wrap=off --display_error_number --warn_sections --xml_link_info="Competition_Distance_linkInfo.xml" --rom_model -o "Competition_Distance.out" "../ADC14.obj" "../Bump.obj" "./Clock.obj" "./CortexM.obj" "../IRDistance.obj" "./LPF.obj" "./LaunchPad.obj" "../Motor.obj" "../Nokia5110.obj" "../PWM.obj" "../Reflectance.obj" "./Robotmain.obj" "../SSD1306.obj" "./SysTickInts.obj" "../TA3InputCapture.obj" "../Tachometer.obj" "../TimerA1.obj" "../UART0.obj" "./startup_msp432p401r_ccs.obj" "./system_msp432p401r.obj" "../msp432p401r.cmd"  -llibc.a 
<Linking>
remark #10371-D: (ULP 1.1) Detected no uses of low power mode state changing instructions
remark #10372-D: (ULP 4.1) Detected uninitialized Port 1 in this project. Recommend initializing all unused ports to eliminate wasted current consumption on unused pins.
remark #10372-D: (ULP 4.1) Detected uninitialized Port 2 in this project. Recommend initializing all unused ports to eliminate wasted current consumption on unused pins.
remark #10372-D: (ULP 4.1) Detected uninitialized Port 3 in this project. Recommend initializing all unused ports to eliminate wasted current consumption on unused pins.
remark #10372-D: (ULP 4.1) Detected uninitialized Port 4 in this project. Recommend initializing all unused ports to eliminate wasted current consumption on unused pins.
remark #10372-D: (ULP 4.1) Detected uninitialized Port 5 in this project. Recommend initializing all unused ports to eliminate wasted current consumption on unused pins.
remark #10372-D: (ULP 4.1) Detected uninitialized Port 6 in this project. Recommend initializing all unused ports to eliminate wasted current consumption on unused pins.
remark #10372-D: (ULP 4.1) Detected uninitialized Port 7 in this project. Recommend initializing all unused ports to eliminate wasted current consumption on unused pins.
remark #10372-D: (ULP 4.1) Detected uninitialized Port 8 in this project. Recommend initializing all unused ports to eliminate wasted current consumption on unused pins.
remark #10372-D: (ULP 4.1) Detected uninitialized Port 9 in this project. Recommend initializing all unused ports to eliminate wasted current consumption on unused pins.
remark #10372-D: (ULP 4.1) Detected uninitialized Port 10 in this project. Recommend initializing all unused ports to eliminate wasted current consumption on unused pins.
Finished building target: "Competition_Distance.out"
 

**** Build Finished ****
