
**** Build of configuration Debug for project Lab10_Debug ****

"C:\\ti\\ccs910\\ccs\\utils\\bin\\gmake" -k -j 8 all -O 
 
Building file: "../Lab10_Debugmain.c"
Invoking: ARM Compiler
"C:/ti/ccs910/ccs/tools/compiler/ti-cgt-arm_18.12.2.LTS/bin/armcl" -mv7M4 --code_state=16 --float_support=FPv4SPD16 -me --include_path="C:/Users/Alan/Downloads/tirslk_max_1_00_00/tirslk_max_1_00_00/Lab10_Debug" --include_path="C:/ti/ccs910/ccs/tools/compiler/ti-cgt-arm_18.12.2.LTS/include" --include_path="C:/ti/ccs910/ccs/ccs_base/arm/include" --include_path="C:/ti/ccs910/ccs/ccs_base/arm/include/CMSIS" --advice:power=all --define=__MSP432P401R__ --define=ccs -g --c99 --gcc --diag_warning=225 --diag_wrap=off --display_error_number --abi=eabi --preproc_with_compile --preproc_dependency="Lab10_Debugmain.d_raw"  "../Lab10_Debugmain.c"
"../Lab10_Debugmain.c", line 108: warning #225-D: function "Debug_FlashRecord" declared implicitly
"../Lab10_Debugmain.c", line 137: warning #161-D: declaration is incompatible with previous "Debug_FlashRecord" (declared at line 108)
"../Lab10_Debugmain.c", line 144: warning #169-D: argument of type "uint64_t *" is incompatible with parameter of type "uint32_t *"
"../Lab10_Debugmain.c", line 144: remark #2623-D: (ULP 5.4) Detected an assignment to a type with size less than int. To avoid unnecessary sign extension, use int-sized types for local varaibles and convert to smaller types for static storage.
"../Lab10_Debugmain.c", line 260: remark #1527-D: (ULP 2.1) Detected SW delay loop using empty loop. Recommend using a timer module instead
"../Lab10_Debugmain.c", line 273: remark #2623-D: (ULP 5.4) Detected an assignment to a type with size less than int. To avoid unnecessary sign extension, use int-sized types for local varaibles and convert to smaller types for static storage.
"../Lab10_Debugmain.c", line 279: warning #48-D: incompatible redefinition of macro "SIZE" (declared at line 79)
"../Lab10_Debugmain.c", line 293: warning #169-D: argument of type "uint16_t *" is incompatible with parameter of type "uint64_t *"
"../Lab10_Debugmain.c", line 284: remark #2623-D: (ULP 5.4) Detected an assignment to a type with size less than int. To avoid unnecessary sign extension, use int-sized types for local varaibles and convert to smaller types for static storage.
"../Lab10_Debugmain.c", line 295: remark #2623-D: (ULP 5.4) Detected an assignment to a type with size less than int. To avoid unnecessary sign extension, use int-sized types for local varaibles and convert to smaller types for static storage.
"../Lab10_Debugmain.c", line 312: warning #169-D: argument of type "uint16_t *" is incompatible with parameter of type "uint64_t *"
"../Lab10_Debugmain.c", line 303: remark #2623-D: (ULP 5.4) Detected an assignment to a type with size less than int. To avoid unnecessary sign extension, use int-sized types for local varaibles and convert to smaller types for static storage.
"../Lab10_Debugmain.c", line 314: remark #2623-D: (ULP 5.4) Detected an assignment to a type with size less than int. To avoid unnecessary sign extension, use int-sized types for local varaibles and convert to smaller types for static storage.
Finished building: "../Lab10_Debugmain.c"
 
Building target: "Lab10_Debug.out"
Invoking: ARM Linker
"C:/ti/ccs910/ccs/tools/compiler/ti-cgt-arm_18.12.2.LTS/bin/armcl" -mv7M4 --code_state=16 --float_support=FPv4SPD16 -me --advice:power=all --define=__MSP432P401R__ --define=ccs -g --c99 --gcc --diag_warning=225 --diag_wrap=off --display_error_number --abi=eabi -z -m"Lab10_Debug.map" --heap_size=1024 --stack_size=512 -i"C:/ti/ccs910/ccs/ccs_base/arm/include" -i"C:/ti/ccs910/ccs/ccs_base/arm/include" -i"C:/ti/ccs910/ccs/tools/compiler/ti-cgt-arm_18.12.2.LTS/lib" -i"C:/ti/ccs910/ccs/tools/compiler/ti-cgt-arm_18.12.2.LTS/include" --reread_libs --diag_wrap=off --display_error_number --warn_sections --xml_link_info="Lab10_Debug_linkInfo.xml" --rom_model -o "Lab10_Debug.out" "./Bump.obj" "./Clock.obj" "./CortexM.obj" "./FlashProgram.obj" "./Lab10_Debugmain.obj" "./LaunchPad.obj" "./Reflectance.obj" "./SysTickInts.obj" "./startup_msp432p401r_ccs.obj" "./system_msp432p401r.obj" "../msp432p401r.cmd"  -llibc.a 
<Linking>
remark #10371-D: (ULP 1.1) Detected no uses of low power mode state changing instructions
remark #10372-D: (ULP 4.1) Detected uninitialized Port 1 in this project. Recommend initializing all unused ports to eliminate wasted current consumption on unused pins.
remark #10372-D: (ULP 4.1) Detected uninitialized Port 2 in this project. Recommend initializing all unused ports to eliminate wasted current consumption on unused pins.
remark #10372-D: (ULP 4.1) Detected uninitialized Port 3 in this project. Recommend initializing all unused ports to eliminate wasted current consumption on unused pins.
remark #10372-D: (ULP 4.1) Detected uninitialized Port 4 in this project. Recommend initializing all unused ports to eliminate wasted current consumption on unused pins.
remark #10372-D: (ULP 4.1) Detected uninitialized Port 5 in this project. Recommend initializing all unused ports to eliminate wasted current consumption on unused pins.
remark #10372-D: (ULP 4.1) Detected uninitialized Port 6 in this project. Recommend initializing all unused ports to eliminate wasted current consumption on unused pins.
remark #10372-D: (ULP 4.1) Detected uninitialized Port 7 in this project. Recommend initializing all unused ports to eliminate wasted current consumption on unused pins.
remark #10372-D: (ULP 4.1) Detected uninitialized Port 8 in this project. Recommend initializing all unused ports to eliminate wasted current consumption on unused pins.
remark #10372-D: (ULP 4.1) Detected uninitialized Port 9 in this project. Recommend initializing all unused ports to eliminate wasted current consumption on unused pins.
remark #10372-D: (ULP 4.1) Detected uninitialized Port 10 in this project. Recommend initializing all unused ports to eliminate wasted current consumption on unused pins.
Finished building target: "Lab10_Debug.out"
 

**** Build Finished ****
